0 info it worked if it ends with ok
1 verbose cli [ 'C:\\Program Files\\nodejs\\node.exe',
1 verbose cli   'C:\\Users\\Hansi\\AppData\\Roaming\\npm\\node_modules\\npm\\bin\\npm-cli.js',
1 verbose cli   'install',
1 verbose cli   'http-server',
1 verbose cli   '-g' ]
2 info using npm@3.7.3
3 info using node@v5.7.1
4 silly loadCurrentTree Starting
5 silly install loadCurrentTree
6 silly install readGlobalPackageData
7 silly fetchPackageMetaData http-server
8 silly fetchNamedPackageData http-server
9 silly mapToRegistry name http-server
10 silly mapToRegistry using default registry
11 silly mapToRegistry registry https://registry.npmjs.org/
12 silly mapToRegistry uri https://registry.npmjs.org/http-server
13 verbose request uri https://registry.npmjs.org/http-server
14 verbose request no auth needed
15 info attempt registry request try #1 at 19:33:12
16 verbose request id 89aef86728bb724c
17 verbose etag "56de3ebe-e202"
18 verbose lastModified Tue, 08 Mar 2016 02:53:50 GMT
19 http request GET https://registry.npmjs.org/http-server
20 http 304 https://registry.npmjs.org/http-server
21 verbose headers { date: 'Wed, 09 Mar 2016 18:33:15 GMT',
21 verbose headers   via: '1.1 varnish',
21 verbose headers   'cache-control': 'max-age=300',
21 verbose headers   etag: '"56de3ebe-e202"',
21 verbose headers   expires: 'Thu, 10 Mar 2016 00:16:55 GMT',
21 verbose headers   age: '488',
21 verbose headers   connection: 'keep-alive',
21 verbose headers   'x-served-by': 'cache-ams4143-AMS',
21 verbose headers   'x-cache': 'HIT',
21 verbose headers   'x-cache-hits': '1',
21 verbose headers   'x-timer': 'S1457548395.265534,VS0,VE0' }
22 silly get cb [ 304,
22 silly get   { date: 'Wed, 09 Mar 2016 18:33:15 GMT',
22 silly get     via: '1.1 varnish',
22 silly get     'cache-control': 'max-age=300',
22 silly get     etag: '"56de3ebe-e202"',
22 silly get     expires: 'Thu, 10 Mar 2016 00:16:55 GMT',
22 silly get     age: '488',
22 silly get     connection: 'keep-alive',
22 silly get     'x-served-by': 'cache-ams4143-AMS',
22 silly get     'x-cache': 'HIT',
22 silly get     'x-cache-hits': '1',
22 silly get     'x-timer': 'S1457548395.265534,VS0,VE0' } ]
23 verbose etag https://registry.npmjs.org/http-server from cache
24 verbose get saving http-server to C:\Users\Hansi\AppData\Roaming\npm-cache\registry.npmjs.org\http-server\.cache.json
25 verbose correctMkdir C:\Users\Hansi\AppData\Roaming\npm-cache correctMkdir not in flight; initializing
26 silly install normalizeTree
27 silly loadCurrentTree Finishing
28 silly loadIdealTree Starting
29 silly install loadIdealTree
30 silly cloneCurrentTree Starting
31 silly install cloneCurrentTreeToIdealTree
32 silly cloneCurrentTree Finishing
33 silly loadShrinkwrap Starting
34 silly install loadShrinkwrap
35 silly loadShrinkwrap Finishing
36 silly loadAllDepsIntoIdealTree Starting
37 silly install loadAllDepsIntoIdealTree
38 silly resolveWithNewModule http-server@0.9.0 checking installable status
39 silly cache add args [ 'http-server', null ]
40 verbose cache add spec http-server
41 silly cache add parsed spec Result {
41 silly cache add   raw: 'http-server',
41 silly cache add   scope: null,
41 silly cache add   name: 'http-server',
41 silly cache add   rawSpec: '',
41 silly cache add   spec: 'latest',
41 silly cache add   type: 'tag' }
42 silly addNamed http-server@latest
43 verbose addNamed "latest" is being treated as a dist-tag for http-server
44 info addNameTag [ 'http-server', 'latest' ]
45 silly mapToRegistry name http-server
46 silly mapToRegistry using default registry
47 silly mapToRegistry registry https://registry.npmjs.org/
48 silly mapToRegistry uri https://registry.npmjs.org/http-server
49 verbose addNameTag registry:https://registry.npmjs.org/http-server not in flight; fetching
50 verbose get https://registry.npmjs.org/http-server not expired, no request
51 silly addNameTag next cb for http-server with tag latest
52 silly addNamed http-server@0.9.0
53 verbose addNamed "0.9.0" is a plain semver version for http-server
54 silly cache afterAdd http-server@0.9.0
55 verbose afterAdd C:\Users\Hansi\AppData\Roaming\npm-cache\http-server\0.9.0\package\package.json not in flight; writing
56 verbose correctMkdir C:\Users\Hansi\AppData\Roaming\npm-cache correctMkdir not in flight; initializing
57 verbose afterAdd C:\Users\Hansi\AppData\Roaming\npm-cache\http-server\0.9.0\package\package.json written
58 silly fetchNamedPackageData colors
59 silly mapToRegistry name colors
60 silly mapToRegistry using default registry
61 silly mapToRegistry registry https://registry.npmjs.org/
62 silly mapToRegistry uri https://registry.npmjs.org/colors
63 silly fetchNamedPackageData corser
64 silly mapToRegistry name corser
65 silly mapToRegistry using default registry
66 silly mapToRegistry registry https://registry.npmjs.org/
67 silly mapToRegistry uri https://registry.npmjs.org/corser
68 silly fetchNamedPackageData ecstatic
69 silly mapToRegistry name ecstatic
70 silly mapToRegistry using default registry
71 silly mapToRegistry registry https://registry.npmjs.org/
72 silly mapToRegistry uri https://registry.npmjs.org/ecstatic
73 silly fetchNamedPackageData http-proxy
74 silly mapToRegistry name http-proxy
75 silly mapToRegistry using default registry
76 silly mapToRegistry registry https://registry.npmjs.org/
77 silly mapToRegistry uri https://registry.npmjs.org/http-proxy
78 silly fetchNamedPackageData opener
79 silly mapToRegistry name opener
80 silly mapToRegistry using default registry
81 silly mapToRegistry registry https://registry.npmjs.org/
82 silly mapToRegistry uri https://registry.npmjs.org/opener
83 silly fetchNamedPackageData optimist
84 silly mapToRegistry name optimist
85 silly mapToRegistry using default registry
86 silly mapToRegistry registry https://registry.npmjs.org/
87 silly mapToRegistry uri https://registry.npmjs.org/optimist
88 silly fetchNamedPackageData portfinder
89 silly mapToRegistry name portfinder
90 silly mapToRegistry using default registry
91 silly mapToRegistry registry https://registry.npmjs.org/
92 silly mapToRegistry uri https://registry.npmjs.org/portfinder
93 silly fetchNamedPackageData union
94 silly mapToRegistry name union
95 silly mapToRegistry using default registry
96 silly mapToRegistry registry https://registry.npmjs.org/
97 silly mapToRegistry uri https://registry.npmjs.org/union
98 verbose request uri https://registry.npmjs.org/colors
99 verbose request no auth needed
100 info attempt registry request try #1 at 19:33:13
101 verbose etag "56df99e6-5067"
102 verbose lastModified Wed, 09 Mar 2016 03:35:02 GMT
103 http request GET https://registry.npmjs.org/colors
104 verbose request uri https://registry.npmjs.org/corser
105 verbose request no auth needed
106 info attempt registry request try #1 at 19:33:13
107 verbose etag "56cd9066-4535"
108 verbose lastModified Wed, 24 Feb 2016 11:13:42 GMT
109 http request GET https://registry.npmjs.org/corser
110 verbose request uri https://registry.npmjs.org/ecstatic
111 verbose request no auth needed
112 info attempt registry request try #1 at 19:33:13
113 verbose etag "56d430f0-136e1"
114 verbose lastModified Mon, 29 Feb 2016 11:52:16 GMT
115 http request GET https://registry.npmjs.org/ecstatic
116 verbose request uri https://registry.npmjs.org/http-proxy
117 verbose request no auth needed
118 info attempt registry request try #1 at 19:33:13
119 verbose etag "56dc78ad-1fc93"
120 verbose lastModified Sun, 06 Mar 2016 18:36:29 GMT
121 http request GET https://registry.npmjs.org/http-proxy
122 verbose request uri https://registry.npmjs.org/opener
123 verbose request no auth needed
124 info attempt registry request try #1 at 19:33:13
125 verbose etag "56cdc636-217f"
126 verbose lastModified Wed, 24 Feb 2016 15:03:18 GMT
127 http request GET https://registry.npmjs.org/opener
128 verbose request uri https://registry.npmjs.org/optimist
129 verbose request no auth needed
130 info attempt registry request try #1 at 19:33:13
131 verbose etag "56d9884a-b5b2"
132 verbose lastModified Fri, 04 Mar 2016 13:06:18 GMT
133 http request GET https://registry.npmjs.org/optimist
134 verbose request uri https://registry.npmjs.org/portfinder
135 verbose request no auth needed
136 info attempt registry request try #1 at 19:33:13
137 verbose etag "56d66b0c-292e"
138 verbose lastModified Wed, 02 Mar 2016 04:24:44 GMT
139 http request GET https://registry.npmjs.org/portfinder
140 verbose request uri https://registry.npmjs.org/union
141 verbose request no auth needed
142 info attempt registry request try #1 at 19:33:13
143 verbose etag "56cdc22e-8841"
144 verbose lastModified Wed, 24 Feb 2016 14:46:06 GMT
145 http request GET https://registry.npmjs.org/union
146 http 304 https://registry.npmjs.org/colors
147 verbose headers { date: 'Wed, 09 Mar 2016 18:33:15 GMT',
147 verbose headers   via: '1.1 varnish',
147 verbose headers   'cache-control': 'max-age=300',
147 verbose headers   etag: '"56df99e6-5067"',
147 verbose headers   expires: 'Thu, 10 Mar 2016 00:15:29 GMT',
147 verbose headers   age: '765',
147 verbose headers   connection: 'keep-alive',
147 verbose headers   'x-served-by': 'cache-ams4122-AMS',
147 verbose headers   'x-cache': 'HIT',
147 verbose headers   'x-cache-hits': '19',
147 verbose headers   'x-timer': 'S1457548395.682129,VS0,VE0' }
148 silly get cb [ 304,
148 silly get   { date: 'Wed, 09 Mar 2016 18:33:15 GMT',
148 silly get     via: '1.1 varnish',
148 silly get     'cache-control': 'max-age=300',
148 silly get     etag: '"56df99e6-5067"',
148 silly get     expires: 'Thu, 10 Mar 2016 00:15:29 GMT',
148 silly get     age: '765',
148 silly get     connection: 'keep-alive',
148 silly get     'x-served-by': 'cache-ams4122-AMS',
148 silly get     'x-cache': 'HIT',
148 silly get     'x-cache-hits': '19',
148 silly get     'x-timer': 'S1457548395.682129,VS0,VE0' } ]
149 verbose etag https://registry.npmjs.org/colors from cache
150 verbose get saving colors to C:\Users\Hansi\AppData\Roaming\npm-cache\registry.npmjs.org\colors\.cache.json
151 verbose correctMkdir C:\Users\Hansi\AppData\Roaming\npm-cache correctMkdir not in flight; initializing
152 silly resolveWithNewModule colors@1.0.3 checking installable status
153 silly cache add args [ 'colors@1.0.3', null ]
154 verbose cache add spec colors@1.0.3
155 silly cache add parsed spec Result {
155 silly cache add   raw: 'colors@1.0.3',
155 silly cache add   scope: null,
155 silly cache add   name: 'colors',
155 silly cache add   rawSpec: '1.0.3',
155 silly cache add   spec: '1.0.3',
155 silly cache add   type: 'version' }
156 silly addNamed colors@1.0.3
157 verbose addNamed "1.0.3" is a plain semver version for colors
158 silly mapToRegistry name colors
159 silly mapToRegistry using default registry
160 silly mapToRegistry registry https://registry.npmjs.org/
161 silly mapToRegistry uri https://registry.npmjs.org/colors
162 verbose addNameVersion registry:https://registry.npmjs.org/colors not in flight; fetching
163 http 304 https://registry.npmjs.org/optimist
164 verbose headers { date: 'Wed, 09 Mar 2016 18:33:15 GMT',
164 verbose headers   via: '1.1 varnish',
164 verbose headers   'cache-control': 'max-age=300',
164 verbose headers   etag: '"56d9884a-b5b2"',
164 verbose headers   expires: 'Thu, 10 Mar 2016 00:15:31 GMT',
164 verbose headers   age: '763',
164 verbose headers   connection: 'keep-alive',
164 verbose headers   'x-served-by': 'cache-ams4135-AMS',
164 verbose headers   'x-cache': 'HIT',
164 verbose headers   'x-cache-hits': '12',
164 verbose headers   'x-timer': 'S1457548395.686995,VS0,VE0' }
165 silly get cb [ 304,
165 silly get   { date: 'Wed, 09 Mar 2016 18:33:15 GMT',
165 silly get     via: '1.1 varnish',
165 silly get     'cache-control': 'max-age=300',
165 silly get     etag: '"56d9884a-b5b2"',
165 silly get     expires: 'Thu, 10 Mar 2016 00:15:31 GMT',
165 silly get     age: '763',
165 silly get     connection: 'keep-alive',
165 silly get     'x-served-by': 'cache-ams4135-AMS',
165 silly get     'x-cache': 'HIT',
165 silly get     'x-cache-hits': '12',
165 silly get     'x-timer': 'S1457548395.686995,VS0,VE0' } ]
166 verbose etag https://registry.npmjs.org/optimist from cache
167 verbose get saving optimist to C:\Users\Hansi\AppData\Roaming\npm-cache\registry.npmjs.org\optimist\.cache.json
168 verbose correctMkdir C:\Users\Hansi\AppData\Roaming\npm-cache correctMkdir not in flight; initializing
169 http 304 https://registry.npmjs.org/ecstatic
170 verbose headers { date: 'Wed, 09 Mar 2016 18:33:15 GMT',
170 verbose headers   via: '1.1 varnish',
170 verbose headers   'cache-control': 'max-age=300',
170 verbose headers   etag: '"56d430f0-136e1"',
170 verbose headers   expires: 'Thu, 10 Mar 2016 00:16:24 GMT',
170 verbose headers   age: '486',
170 verbose headers   connection: 'keep-alive',
170 verbose headers   'x-served-by': 'cache-ams4143-AMS',
170 verbose headers   'x-cache': 'HIT',
170 verbose headers   'x-cache-hits': '1',
170 verbose headers   'x-timer': 'S1457548395.686522,VS0,VE0' }
171 silly get cb [ 304,
171 silly get   { date: 'Wed, 09 Mar 2016 18:33:15 GMT',
171 silly get     via: '1.1 varnish',
171 silly get     'cache-control': 'max-age=300',
171 silly get     etag: '"56d430f0-136e1"',
171 silly get     expires: 'Thu, 10 Mar 2016 00:16:24 GMT',
171 silly get     age: '486',
171 silly get     connection: 'keep-alive',
171 silly get     'x-served-by': 'cache-ams4143-AMS',
171 silly get     'x-cache': 'HIT',
171 silly get     'x-cache-hits': '1',
171 silly get     'x-timer': 'S1457548395.686522,VS0,VE0' } ]
172 verbose etag https://registry.npmjs.org/ecstatic from cache
173 verbose get saving ecstatic to C:\Users\Hansi\AppData\Roaming\npm-cache\registry.npmjs.org\ecstatic\.cache.json
174 verbose correctMkdir C:\Users\Hansi\AppData\Roaming\npm-cache correctMkdir not in flight; initializing
175 http 304 https://registry.npmjs.org/opener
176 verbose headers { date: 'Wed, 09 Mar 2016 18:33:15 GMT',
176 verbose headers   via: '1.1 varnish',
176 verbose headers   'cache-control': 'max-age=300',
176 verbose headers   etag: '"56cdc636-217f"',
176 verbose headers   expires: 'Thu, 10 Mar 2016 00:16:24 GMT',
176 verbose headers   age: '682',
176 verbose headers   connection: 'keep-alive',
176 verbose headers   'x-served-by': 'cache-ams4132-AMS',
176 verbose headers   'x-cache': 'HIT',
176 verbose headers   'x-cache-hits': '1',
176 verbose headers   'x-timer': 'S1457548395.686275,VS0,VE0' }
177 silly get cb [ 304,
177 silly get   { date: 'Wed, 09 Mar 2016 18:33:15 GMT',
177 silly get     via: '1.1 varnish',
177 silly get     'cache-control': 'max-age=300',
177 silly get     etag: '"56cdc636-217f"',
177 silly get     expires: 'Thu, 10 Mar 2016 00:16:24 GMT',
177 silly get     age: '682',
177 silly get     connection: 'keep-alive',
177 silly get     'x-served-by': 'cache-ams4132-AMS',
177 silly get     'x-cache': 'HIT',
177 silly get     'x-cache-hits': '1',
177 silly get     'x-timer': 'S1457548395.686275,VS0,VE0' } ]
178 verbose etag https://registry.npmjs.org/opener from cache
179 verbose get saving opener to C:\Users\Hansi\AppData\Roaming\npm-cache\registry.npmjs.org\opener\.cache.json
180 verbose correctMkdir C:\Users\Hansi\AppData\Roaming\npm-cache correctMkdir not in flight; initializing
181 http 304 https://registry.npmjs.org/corser
182 verbose headers { date: 'Wed, 09 Mar 2016 18:33:15 GMT',
182 verbose headers   via: '1.1 varnish',
182 verbose headers   'cache-control': 'max-age=300',
182 verbose headers   etag: '"56cd9066-4535"',
182 verbose headers   expires: 'Thu, 10 Mar 2016 00:16:55 GMT',
182 verbose headers   age: '43',
182 verbose headers   connection: 'keep-alive',
182 verbose headers   'x-served-by': 'cache-ams4146-AMS',
182 verbose headers   'x-cache': 'HIT',
182 verbose headers   'x-cache-hits': '1',
182 verbose headers   'x-timer': 'S1457548395.686381,VS0,VE0' }
183 silly get cb [ 304,
183 silly get   { date: 'Wed, 09 Mar 2016 18:33:15 GMT',
183 silly get     via: '1.1 varnish',
183 silly get     'cache-control': 'max-age=300',
183 silly get     etag: '"56cd9066-4535"',
183 silly get     expires: 'Thu, 10 Mar 2016 00:16:55 GMT',
183 silly get     age: '43',
183 silly get     connection: 'keep-alive',
183 silly get     'x-served-by': 'cache-ams4146-AMS',
183 silly get     'x-cache': 'HIT',
183 silly get     'x-cache-hits': '1',
183 silly get     'x-timer': 'S1457548395.686381,VS0,VE0' } ]
184 verbose etag https://registry.npmjs.org/corser from cache
185 verbose get saving corser to C:\Users\Hansi\AppData\Roaming\npm-cache\registry.npmjs.org\corser\.cache.json
186 verbose correctMkdir C:\Users\Hansi\AppData\Roaming\npm-cache correctMkdir not in flight; initializing
187 http 304 https://registry.npmjs.org/union
188 verbose headers { date: 'Wed, 09 Mar 2016 18:33:15 GMT',
188 verbose headers   via: '1.1 varnish',
188 verbose headers   'cache-control': 'max-age=300',
188 verbose headers   etag: '"56cdc22e-8841"',
188 verbose headers   expires: 'Thu, 10 Mar 2016 00:16:24 GMT',
188 verbose headers   age: '486',
188 verbose headers   connection: 'keep-alive',
188 verbose headers   'x-served-by': 'cache-ams4147-AMS',
188 verbose headers   'x-cache': 'HIT',
188 verbose headers   'x-cache-hits': '1',
188 verbose headers   'x-timer': 'S1457548395.698267,VS0,VE0' }
189 silly get cb [ 304,
189 silly get   { date: 'Wed, 09 Mar 2016 18:33:15 GMT',
189 silly get     via: '1.1 varnish',
189 silly get     'cache-control': 'max-age=300',
189 silly get     etag: '"56cdc22e-8841"',
189 silly get     expires: 'Thu, 10 Mar 2016 00:16:24 GMT',
189 silly get     age: '486',
189 silly get     connection: 'keep-alive',
189 silly get     'x-served-by': 'cache-ams4147-AMS',
189 silly get     'x-cache': 'HIT',
189 silly get     'x-cache-hits': '1',
189 silly get     'x-timer': 'S1457548395.698267,VS0,VE0' } ]
190 verbose etag https://registry.npmjs.org/union from cache
191 verbose get saving union to C:\Users\Hansi\AppData\Roaming\npm-cache\registry.npmjs.org\union\.cache.json
192 verbose correctMkdir C:\Users\Hansi\AppData\Roaming\npm-cache correctMkdir not in flight; initializing
193 verbose get https://registry.npmjs.org/colors not expired, no request
194 silly resolveWithNewModule optimist@0.6.1 checking installable status
195 silly cache add args [ 'optimist@0.6.x', null ]
196 verbose cache add spec optimist@0.6.x
197 silly cache add parsed spec Result {
197 silly cache add   raw: 'optimist@0.6.x',
197 silly cache add   scope: null,
197 silly cache add   name: 'optimist',
197 silly cache add   rawSpec: '0.6.x',
197 silly cache add   spec: '>=0.6.0 <0.7.0',
197 silly cache add   type: 'range' }
198 silly addNamed optimist@>=0.6.0 <0.7.0
199 verbose addNamed ">=0.6.0 <0.7.0" is a valid semver range for optimist
200 silly addNameRange { name: 'optimist', range: '>=0.6.0 <0.7.0', hasData: false }
201 silly mapToRegistry name optimist
202 silly mapToRegistry using default registry
203 silly mapToRegistry registry https://registry.npmjs.org/
204 silly mapToRegistry uri https://registry.npmjs.org/optimist
205 verbose addNameRange registry:https://registry.npmjs.org/optimist not in flight; fetching
206 silly resolveWithNewModule ecstatic@1.4.0 checking installable status
207 silly cache add args [ 'ecstatic@^1.4.0', null ]
208 verbose cache add spec ecstatic@^1.4.0
209 silly cache add parsed spec Result {
209 silly cache add   raw: 'ecstatic@^1.4.0',
209 silly cache add   scope: null,
209 silly cache add   name: 'ecstatic',
209 silly cache add   rawSpec: '^1.4.0',
209 silly cache add   spec: '>=1.4.0 <2.0.0',
209 silly cache add   type: 'range' }
210 silly addNamed ecstatic@>=1.4.0 <2.0.0
211 verbose addNamed ">=1.4.0 <2.0.0" is a valid semver range for ecstatic
212 silly addNameRange { name: 'ecstatic', range: '>=1.4.0 <2.0.0', hasData: false }
213 silly mapToRegistry name ecstatic
214 silly mapToRegistry using default registry
215 silly mapToRegistry registry https://registry.npmjs.org/
216 silly mapToRegistry uri https://registry.npmjs.org/ecstatic
217 verbose addNameRange registry:https://registry.npmjs.org/ecstatic not in flight; fetching
218 silly resolveWithNewModule opener@1.4.1 checking installable status
219 silly cache add args [ 'opener@~1.4.0', null ]
220 verbose cache add spec opener@~1.4.0
221 silly cache add parsed spec Result {
221 silly cache add   raw: 'opener@~1.4.0',
221 silly cache add   scope: null,
221 silly cache add   name: 'opener',
221 silly cache add   rawSpec: '~1.4.0',
221 silly cache add   spec: '>=1.4.0 <1.5.0',
221 silly cache add   type: 'range' }
222 silly addNamed opener@>=1.4.0 <1.5.0
223 verbose addNamed ">=1.4.0 <1.5.0" is a valid semver range for opener
224 silly addNameRange { name: 'opener', range: '>=1.4.0 <1.5.0', hasData: false }
225 silly mapToRegistry name opener
226 silly mapToRegistry using default registry
227 silly mapToRegistry registry https://registry.npmjs.org/
228 silly mapToRegistry uri https://registry.npmjs.org/opener
229 verbose addNameRange registry:https://registry.npmjs.org/opener not in flight; fetching
230 http 304 https://registry.npmjs.org/portfinder
231 verbose headers { date: 'Wed, 09 Mar 2016 18:33:15 GMT',
231 verbose headers   via: '1.1 varnish',
231 verbose headers   'cache-control': 'max-age=300',
231 verbose headers   etag: '"56d66b0c-292e"',
231 verbose headers   expires: 'Thu, 10 Mar 2016 00:15:44 GMT',
231 verbose headers   age: '631',
231 verbose headers   connection: 'keep-alive',
231 verbose headers   'x-served-by': 'cache-ams4122-AMS',
231 verbose headers   'x-cache': 'HIT',
231 verbose headers   'x-cache-hits': '3',
231 verbose headers   'x-timer': 'S1457548395.704772,VS0,VE0' }
232 silly get cb [ 304,
232 silly get   { date: 'Wed, 09 Mar 2016 18:33:15 GMT',
232 silly get     via: '1.1 varnish',
232 silly get     'cache-control': 'max-age=300',
232 silly get     etag: '"56d66b0c-292e"',
232 silly get     expires: 'Thu, 10 Mar 2016 00:15:44 GMT',
232 silly get     age: '631',
232 silly get     connection: 'keep-alive',
232 silly get     'x-served-by': 'cache-ams4122-AMS',
232 silly get     'x-cache': 'HIT',
232 silly get     'x-cache-hits': '3',
232 silly get     'x-timer': 'S1457548395.704772,VS0,VE0' } ]
233 verbose etag https://registry.npmjs.org/portfinder from cache
234 verbose get saving portfinder to C:\Users\Hansi\AppData\Roaming\npm-cache\registry.npmjs.org\portfinder\.cache.json
235 verbose correctMkdir C:\Users\Hansi\AppData\Roaming\npm-cache correctMkdir not in flight; initializing
236 silly cache afterAdd colors@1.0.3
237 verbose afterAdd C:\Users\Hansi\AppData\Roaming\npm-cache\colors\1.0.3\package\package.json not in flight; writing
238 verbose correctMkdir C:\Users\Hansi\AppData\Roaming\npm-cache correctMkdir not in flight; initializing
239 silly resolveWithNewModule corser@2.0.0 checking installable status
240 silly cache add args [ 'corser@~2.0.0', null ]
241 verbose cache add spec corser@~2.0.0
242 silly cache add parsed spec Result {
242 silly cache add   raw: 'corser@~2.0.0',
242 silly cache add   scope: null,
242 silly cache add   name: 'corser',
242 silly cache add   rawSpec: '~2.0.0',
242 silly cache add   spec: '>=2.0.0 <2.1.0',
242 silly cache add   type: 'range' }
243 silly addNamed corser@>=2.0.0 <2.1.0
244 verbose addNamed ">=2.0.0 <2.1.0" is a valid semver range for corser
245 silly addNameRange { name: 'corser', range: '>=2.0.0 <2.1.0', hasData: false }
246 silly mapToRegistry name corser
247 silly mapToRegistry using default registry
248 silly mapToRegistry registry https://registry.npmjs.org/
249 silly mapToRegistry uri https://registry.npmjs.org/corser
250 verbose addNameRange registry:https://registry.npmjs.org/corser not in flight; fetching
251 silly resolveWithNewModule union@0.4.4 checking installable status
252 silly cache add args [ 'union@~0.4.3', null ]
253 verbose cache add spec union@~0.4.3
254 silly cache add parsed spec Result {
254 silly cache add   raw: 'union@~0.4.3',
254 silly cache add   scope: null,
254 silly cache add   name: 'union',
254 silly cache add   rawSpec: '~0.4.3',
254 silly cache add   spec: '>=0.4.3 <0.5.0',
254 silly cache add   type: 'range' }
255 silly addNamed union@>=0.4.3 <0.5.0
256 verbose addNamed ">=0.4.3 <0.5.0" is a valid semver range for union
257 silly addNameRange { name: 'union', range: '>=0.4.3 <0.5.0', hasData: false }
258 silly mapToRegistry name union
259 silly mapToRegistry using default registry
260 silly mapToRegistry registry https://registry.npmjs.org/
261 silly mapToRegistry uri https://registry.npmjs.org/union
262 verbose addNameRange registry:https://registry.npmjs.org/union not in flight; fetching
263 verbose get https://registry.npmjs.org/optimist not expired, no request
264 silly addNameRange number 2 { name: 'optimist', range: '>=0.6.0 <0.7.0', hasData: true }
265 silly addNameRange versions [ 'optimist',
265 silly addNameRange   [ '0.0.1',
265 silly addNameRange     '0.0.2',
265 silly addNameRange     '0.0.4',
265 silly addNameRange     '0.0.5',
265 silly addNameRange     '0.0.6',
265 silly addNameRange     '0.0.7',
265 silly addNameRange     '0.1.0',
265 silly addNameRange     '0.1.1',
265 silly addNameRange     '0.1.2',
265 silly addNameRange     '0.1.3',
265 silly addNameRange     '0.1.4',
265 silly addNameRange     '0.1.5',
265 silly addNameRange     '0.1.6',
265 silly addNameRange     '0.1.7',
265 silly addNameRange     '0.1.8',
265 silly addNameRange     '0.1.9',
265 silly addNameRange     '0.0.3',
265 silly addNameRange     '0.2.0',
265 silly addNameRange     '0.2.1',
265 silly addNameRange     '0.2.2',
265 silly addNameRange     '0.2.3',
265 silly addNameRange     '0.2.4',
265 silly addNameRange     '0.2.5',
265 silly addNameRange     '0.2.6',
265 silly addNameRange     '0.2.7',
265 silly addNameRange     '0.2.8',
265 silly addNameRange     '0.3.0',
265 silly addNameRange     '0.3.1',
265 silly addNameRange     '0.3.3',
265 silly addNameRange     '0.3.4',
265 silly addNameRange     '0.3.5',
265 silly addNameRange     '0.3.6',
265 silly addNameRange     '0.3.7',
265 silly addNameRange     '0.4.0',
265 silly addNameRange     '0.5.0',
265 silly addNameRange     '0.5.1',
265 silly addNameRange     '0.5.2',
265 silly addNameRange     '0.6.0',
265 silly addNameRange     '0.6.1' ] ]
266 silly addNamed optimist@0.6.1
267 verbose addNamed "0.6.1" is a plain semver version for optimist
268 verbose get https://registry.npmjs.org/ecstatic not expired, no request
269 silly addNameRange number 2 { name: 'ecstatic', range: '>=1.4.0 <2.0.0', hasData: true }
270 silly addNameRange versions [ 'ecstatic',
270 silly addNameRange   [ '0.0.0',
270 silly addNameRange     '0.0.1',
270 silly addNameRange     '0.1.0',
270 silly addNameRange     '0.1.1',
270 silly addNameRange     '0.1.1-1',
270 silly addNameRange     '0.1.2',
270 silly addNameRange     '0.1.2-1',
270 silly addNameRange     '0.1.4',
270 silly addNameRange     '0.1.5',
270 silly addNameRange     '0.1.6',
270 silly addNameRange     '0.1.7',
270 silly addNameRange     '0.3.0',
270 silly addNameRange     '0.3.1',
270 silly addNameRange     '0.3.2',
270 silly addNameRange     '0.4.0',
270 silly addNameRange     '0.4.1',
270 silly addNameRange     '0.4.2',
270 silly addNameRange     '0.4.3',
270 silly addNameRange     '0.4.4',
270 silly addNameRange     '0.4.5',
270 silly addNameRange     '0.4.6',
270 silly addNameRange     '0.4.7',
270 silly addNameRange     '0.4.8',
270 silly addNameRange     '0.4.9',
270 silly addNameRange     '0.4.10',
270 silly addNameRange     '0.4.11',
270 silly addNameRange     '0.4.12',
270 silly addNameRange     '0.4.13',
270 silly addNameRange     '0.5.0',
270 silly addNameRange     '0.5.1',
270 silly addNameRange     '0.5.2',
270 silly addNameRange     '0.5.3',
270 silly addNameRange     '0.5.4',
270 silly addNameRange     '0.5.5',
270 silly addNameRange     '0.5.6',
270 silly addNameRange     '0.5.7',
270 silly addNameRange     '0.5.8',
270 silly addNameRange     '0.6.0',
270 silly addNameRange     '0.6.1',
270 silly addNameRange     '0.7.0',
270 silly addNameRange     '0.7.1',
270 silly addNameRange     '0.7.2',
270 silly addNameRange     '0.7.3',
270 silly addNameRange     '0.7.4',
270 silly addNameRange     '0.7.5',
270 silly addNameRange     '0.7.6',
270 silly addNameRange     '0.8.0',
270 silly addNameRange     '1.0.0',
270 silly addNameRange     '1.0.1',
270 silly addNameRange     '1.1.0',
270 silly addNameRange     '1.1.1',
270 silly addNameRange     '1.1.2',
270 silly addNameRange     '1.1.3',
270 silly addNameRange     '1.2.0',
270 silly addNameRange     '1.3.0',
270 silly addNameRange     '1.3.1',
270 silly addNameRange     '1.4.0' ] ]
271 silly addNamed ecstatic@1.4.0
272 verbose addNamed "1.4.0" is a plain semver version for ecstatic
273 verbose get https://registry.npmjs.org/opener not expired, no request
274 silly addNameRange number 2 { name: 'opener', range: '>=1.4.0 <1.5.0', hasData: true }
275 silly addNameRange versions [ 'opener',
275 silly addNameRange   [ '1.0.0', '1.0.1', '1.1.0', '1.2.0', '1.3.0', '1.4.0', '1.4.1' ] ]
276 silly addNamed opener@1.4.1
277 verbose addNamed "1.4.1" is a plain semver version for opener
278 verbose get https://registry.npmjs.org/corser not expired, no request
279 silly addNameRange number 2 { name: 'corser', range: '>=2.0.0 <2.1.0', hasData: true }
280 silly addNameRange versions [ 'corser',
280 silly addNameRange   [ '0.1.0',
280 silly addNameRange     '0.2.0',
280 silly addNameRange     '1.0.0',
280 silly addNameRange     '1.0.1',
280 silly addNameRange     '1.0.2',
280 silly addNameRange     '1.1.0',
280 silly addNameRange     '1.1.1',
280 silly addNameRange     '1.1.2',
280 silly addNameRange     '1.2.0',
280 silly addNameRange     '2.0.0' ] ]
281 silly addNamed corser@2.0.0
282 verbose addNamed "2.0.0" is a plain semver version for corser
283 verbose get https://registry.npmjs.org/union not expired, no request
284 silly addNameRange number 2 { name: 'union', range: '>=0.4.3 <0.5.0', hasData: true }
285 silly addNameRange versions [ 'union',
285 silly addNameRange   [ '0.1.0',
285 silly addNameRange     '0.1.2',
285 silly addNameRange     '0.1.3',
285 silly addNameRange     '0.1.4',
285 silly addNameRange     '0.1.5',
285 silly addNameRange     '0.1.6',
285 silly addNameRange     '0.1.7',
285 silly addNameRange     '0.1.8',
285 silly addNameRange     '0.2.0',
285 silly addNameRange     '0.2.1',
285 silly addNameRange     '0.3.0',
285 silly addNameRange     '0.3.2',
285 silly addNameRange     '0.3.3',
285 silly addNameRange     '0.3.4',
285 silly addNameRange     '0.3.5',
285 silly addNameRange     '0.3.6',
285 silly addNameRange     '0.3.7',
285 silly addNameRange     '0.3.8',
285 silly addNameRange     '0.4.0',
285 silly addNameRange     '0.4.1',
285 silly addNameRange     '0.4.2',
285 silly addNameRange     '0.4.3',
285 silly addNameRange     '0.4.4' ] ]
286 silly addNamed union@0.4.4
287 verbose addNamed "0.4.4" is a plain semver version for union
288 verbose afterAdd C:\Users\Hansi\AppData\Roaming\npm-cache\colors\1.0.3\package\package.json written
289 silly cache afterAdd optimist@0.6.1
290 verbose afterAdd C:\Users\Hansi\AppData\Roaming\npm-cache\optimist\0.6.1\package\package.json not in flight; writing
291 verbose correctMkdir C:\Users\Hansi\AppData\Roaming\npm-cache correctMkdir not in flight; initializing
292 silly cache afterAdd corser@2.0.0
293 verbose afterAdd C:\Users\Hansi\AppData\Roaming\npm-cache\corser\2.0.0\package\package.json not in flight; writing
294 verbose correctMkdir C:\Users\Hansi\AppData\Roaming\npm-cache correctMkdir not in flight; initializing
295 silly resolveWithNewModule portfinder@0.4.0 checking installable status
296 silly cache add args [ 'portfinder@0.4.x', null ]
297 verbose cache add spec portfinder@0.4.x
298 silly cache add parsed spec Result {
298 silly cache add   raw: 'portfinder@0.4.x',
298 silly cache add   scope: null,
298 silly cache add   name: 'portfinder',
298 silly cache add   rawSpec: '0.4.x',
298 silly cache add   spec: '>=0.4.0 <0.5.0',
298 silly cache add   type: 'range' }
299 silly addNamed portfinder@>=0.4.0 <0.5.0
300 verbose addNamed ">=0.4.0 <0.5.0" is a valid semver range for portfinder
301 silly addNameRange { name: 'portfinder', range: '>=0.4.0 <0.5.0', hasData: false }
302 silly mapToRegistry name portfinder
303 silly mapToRegistry using default registry
304 silly mapToRegistry registry https://registry.npmjs.org/
305 silly mapToRegistry uri https://registry.npmjs.org/portfinder
306 verbose addNameRange registry:https://registry.npmjs.org/portfinder not in flight; fetching
307 silly cache afterAdd opener@1.4.1
308 verbose afterAdd C:\Users\Hansi\AppData\Roaming\npm-cache\opener\1.4.1\package\package.json not in flight; writing
309 verbose correctMkdir C:\Users\Hansi\AppData\Roaming\npm-cache correctMkdir not in flight; initializing
310 silly cache afterAdd ecstatic@1.4.0
311 verbose afterAdd C:\Users\Hansi\AppData\Roaming\npm-cache\ecstatic\1.4.0\package\package.json not in flight; writing
312 verbose correctMkdir C:\Users\Hansi\AppData\Roaming\npm-cache correctMkdir not in flight; initializing
313 silly cache afterAdd union@0.4.4
314 verbose afterAdd C:\Users\Hansi\AppData\Roaming\npm-cache\union\0.4.4\package\package.json not in flight; writing
315 verbose correctMkdir C:\Users\Hansi\AppData\Roaming\npm-cache correctMkdir not in flight; initializing
316 verbose afterAdd C:\Users\Hansi\AppData\Roaming\npm-cache\optimist\0.6.1\package\package.json written
317 verbose get https://registry.npmjs.org/portfinder not expired, no request
318 silly addNameRange number 2 { name: 'portfinder', range: '>=0.4.0 <0.5.0', hasData: true }
319 silly addNameRange versions [ 'portfinder',
319 silly addNameRange   [ '0.1.0',
319 silly addNameRange     '0.2.0',
319 silly addNameRange     '0.2.1',
319 silly addNameRange     '0.3.0',
319 silly addNameRange     '0.4.0',
319 silly addNameRange     '1.0.0',
319 silly addNameRange     '1.0.1',
319 silly addNameRange     '1.0.2' ] ]
320 silly addNamed portfinder@0.4.0
321 verbose addNamed "0.4.0" is a plain semver version for portfinder
322 verbose afterAdd C:\Users\Hansi\AppData\Roaming\npm-cache\corser\2.0.0\package\package.json written
323 verbose afterAdd C:\Users\Hansi\AppData\Roaming\npm-cache\opener\1.4.1\package\package.json written
324 verbose afterAdd C:\Users\Hansi\AppData\Roaming\npm-cache\ecstatic\1.4.0\package\package.json written
325 verbose afterAdd C:\Users\Hansi\AppData\Roaming\npm-cache\union\0.4.4\package\package.json written
326 silly cache afterAdd portfinder@0.4.0
327 verbose afterAdd C:\Users\Hansi\AppData\Roaming\npm-cache\portfinder\0.4.0\package\package.json not in flight; writing
328 verbose correctMkdir C:\Users\Hansi\AppData\Roaming\npm-cache correctMkdir not in flight; initializing
329 verbose afterAdd C:\Users\Hansi\AppData\Roaming\npm-cache\portfinder\0.4.0\package\package.json written
330 http 304 https://registry.npmjs.org/http-proxy
331 verbose headers { date: 'Wed, 09 Mar 2016 18:33:15 GMT',
331 verbose headers   via: '1.1 varnish',
331 verbose headers   'cache-control': 'max-age=300',
331 verbose headers   etag: '"56dc78ad-1fc93"',
331 verbose headers   expires: 'Thu, 10 Mar 2016 00:15:41 GMT',
331 verbose headers   age: '749',
331 verbose headers   connection: 'keep-alive',
331 verbose headers   'x-served-by': 'cache-ams4135-AMS',
331 verbose headers   'x-cache': 'HIT',
331 verbose headers   'x-cache-hits': '1',
331 verbose headers   'x-timer': 'S1457548395.978416,VS0,VE0' }
332 silly get cb [ 304,
332 silly get   { date: 'Wed, 09 Mar 2016 18:33:15 GMT',
332 silly get     via: '1.1 varnish',
332 silly get     'cache-control': 'max-age=300',
332 silly get     etag: '"56dc78ad-1fc93"',
332 silly get     expires: 'Thu, 10 Mar 2016 00:15:41 GMT',
332 silly get     age: '749',
332 silly get     connection: 'keep-alive',
332 silly get     'x-served-by': 'cache-ams4135-AMS',
332 silly get     'x-cache': 'HIT',
332 silly get     'x-cache-hits': '1',
332 silly get     'x-timer': 'S1457548395.978416,VS0,VE0' } ]
333 verbose etag https://registry.npmjs.org/http-proxy from cache
334 verbose get saving http-proxy to C:\Users\Hansi\AppData\Roaming\npm-cache\registry.npmjs.org\http-proxy\.cache.json
335 verbose correctMkdir C:\Users\Hansi\AppData\Roaming\npm-cache correctMkdir not in flight; initializing
336 silly resolveWithNewModule http-proxy@1.13.2 checking installable status
337 silly cache add args [ 'http-proxy@^1.8.1', null ]
338 verbose cache add spec http-proxy@^1.8.1
339 silly cache add parsed spec Result {
339 silly cache add   raw: 'http-proxy@^1.8.1',
339 silly cache add   scope: null,
339 silly cache add   name: 'http-proxy',
339 silly cache add   rawSpec: '^1.8.1',
339 silly cache add   spec: '>=1.8.1 <2.0.0',
339 silly cache add   type: 'range' }
340 silly addNamed http-proxy@>=1.8.1 <2.0.0
341 verbose addNamed ">=1.8.1 <2.0.0" is a valid semver range for http-proxy
342 silly addNameRange { name: 'http-proxy', range: '>=1.8.1 <2.0.0', hasData: false }
343 silly mapToRegistry name http-proxy
344 silly mapToRegistry using default registry
345 silly mapToRegistry registry https://registry.npmjs.org/
346 silly mapToRegistry uri https://registry.npmjs.org/http-proxy
347 verbose addNameRange registry:https://registry.npmjs.org/http-proxy not in flight; fetching
348 verbose get https://registry.npmjs.org/http-proxy not expired, no request
349 silly addNameRange number 2 { name: 'http-proxy', range: '>=1.8.1 <2.0.0', hasData: true }
350 silly addNameRange versions [ 'http-proxy',
350 silly addNameRange   [ '0.5.9',
350 silly addNameRange     '0.5.10',
350 silly addNameRange     '0.5.11',
350 silly addNameRange     '0.6.0',
350 silly addNameRange     '0.6.1',
350 silly addNameRange     '0.6.2',
350 silly addNameRange     '0.6.4',
350 silly addNameRange     '0.6.5',
350 silly addNameRange     '0.6.6',
350 silly addNameRange     '0.7.0',
350 silly addNameRange     '0.7.2',
350 silly addNameRange     '0.7.3',
350 silly addNameRange     '0.7.4',
350 silly addNameRange     '0.7.5',
350 silly addNameRange     '0.7.6',
350 silly addNameRange     '0.8.0',
350 silly addNameRange     '0.8.1',
350 silly addNameRange     '0.8.2',
350 silly addNameRange     '0.8.3',
350 silly addNameRange     '0.8.4',
350 silly addNameRange     '0.8.5',
350 silly addNameRange     '0.8.6',
350 silly addNameRange     '0.8.7',
350 silly addNameRange     '0.9.0',
350 silly addNameRange     '0.9.1',
350 silly addNameRange     '0.10.0',
350 silly addNameRange     '0.10.1',
350 silly addNameRange     '0.10.2',
350 silly addNameRange     '0.10.3',
350 silly addNameRange     '0.10.4',
350 silly addNameRange     '1.0.0',
350 silly addNameRange     '1.0.1',
350 silly addNameRange     '1.0.2',
350 silly addNameRange     '1.0.3',
350 silly addNameRange     '1.1.0',
350 silly addNameRange     '1.1.1',
350 silly addNameRange     '1.1.2',
350 silly addNameRange     '1.1.3',
350 silly addNameRange     '1.1.4',
350 silly addNameRange     '1.1.5',
350 silly addNameRange     '1.1.6',
350 silly addNameRange     '1.2.0',
350 silly addNameRange     '1.2.1',
350 silly addNameRange     '1.3.0',
350 silly addNameRange     '1.4.0',
350 silly addNameRange     '1.4.1',
350 silly addNameRange     '1.4.2',
350 silly addNameRange     '1.4.3',
350 silly addNameRange     '1.5.0',
350 silly addNameRange     '1.5.1',
350 silly addNameRange     '1.5.2',
350 silly addNameRange     '1.5.3',
350 silly addNameRange     '1.6.0',
350 silly addNameRange     '1.6.1',
350 silly addNameRange     '1.6.2',
350 silly addNameRange     '1.7.0',
350 silly addNameRange     '1.7.1',
350 silly addNameRange     '1.7.2',
350 silly addNameRange     '1.7.3',
350 silly addNameRange     '1.8.0',
350 silly addNameRange     '1.8.1',
350 silly addNameRange     '1.9.0',
350 silly addNameRange     '1.9.1',
350 silly addNameRange     '1.10.0',
350 silly addNameRange     '1.10.1',
350 silly addNameRange     '1.11.0',
350 silly addNameRange     '1.11.1',
350 silly addNameRange     '1.11.2',
350 silly addNameRange     '1.11.3',
350 silly addNameRange     '1.12.0',
350 silly addNameRange     '1.12.1',
350 silly addNameRange     '1.13.0',
350 silly addNameRange     '1.13.1',
350 silly addNameRange     '1.13.2' ] ]
351 silly addNamed http-proxy@1.13.2
352 verbose addNamed "1.13.2" is a plain semver version for http-proxy
353 silly cache afterAdd http-proxy@1.13.2
354 verbose afterAdd C:\Users\Hansi\AppData\Roaming\npm-cache\http-proxy\1.13.2\package\package.json not in flight; writing
355 verbose correctMkdir C:\Users\Hansi\AppData\Roaming\npm-cache correctMkdir not in flight; initializing
356 verbose afterAdd C:\Users\Hansi\AppData\Roaming\npm-cache\http-proxy\1.13.2\package\package.json written
357 silly fetchNamedPackageData he
358 silly mapToRegistry name he
359 silly mapToRegistry using default registry
360 silly mapToRegistry registry https://registry.npmjs.org/
361 silly mapToRegistry uri https://registry.npmjs.org/he
362 silly fetchNamedPackageData mime
363 silly mapToRegistry name mime
364 silly mapToRegistry using default registry
365 silly mapToRegistry registry https://registry.npmjs.org/
366 silly mapToRegistry uri https://registry.npmjs.org/mime
367 silly fetchNamedPackageData minimist
368 silly mapToRegistry name minimist
369 silly mapToRegistry using default registry
370 silly mapToRegistry registry https://registry.npmjs.org/
371 silly mapToRegistry uri https://registry.npmjs.org/minimist
372 silly fetchNamedPackageData url-join
373 silly mapToRegistry name url-join
374 silly mapToRegistry using default registry
375 silly mapToRegistry registry https://registry.npmjs.org/
376 silly mapToRegistry uri https://registry.npmjs.org/url-join
377 verbose request uri https://registry.npmjs.org/he
378 verbose request no auth needed
379 info attempt registry request try #1 at 19:33:13
380 verbose etag "56cdec3a-a3ae"
381 verbose lastModified Wed, 24 Feb 2016 17:45:30 GMT
382 http request GET https://registry.npmjs.org/he
383 verbose request uri https://registry.npmjs.org/mime
384 verbose request no auth needed
385 info attempt registry request try #1 at 19:33:13
386 verbose etag "56d95ac7-4ea4"
387 verbose lastModified Fri, 04 Mar 2016 09:52:07 GMT
388 http request GET https://registry.npmjs.org/mime
389 verbose request uri https://registry.npmjs.org/minimist
390 verbose request no auth needed
391 info attempt registry request try #1 at 19:33:13
392 verbose etag "56d7ddeb-6b1b"
393 verbose lastModified Thu, 03 Mar 2016 06:47:07 GMT
394 http request GET https://registry.npmjs.org/minimist
395 verbose request uri https://registry.npmjs.org/url-join
396 verbose request no auth needed
397 info attempt registry request try #1 at 19:33:13
398 verbose etag "56cdc89d-a8d"
399 verbose lastModified Wed, 24 Feb 2016 15:13:33 GMT
400 http request GET https://registry.npmjs.org/url-join
401 http 304 https://registry.npmjs.org/mime
402 verbose headers { date: 'Wed, 09 Mar 2016 18:33:16 GMT',
402 verbose headers   via: '1.1 varnish',
402 verbose headers   'cache-control': 'max-age=300',
402 verbose headers   etag: '"56d95ac7-4ea4"',
402 verbose headers   expires: 'Thu, 10 Mar 2016 00:15:33 GMT',
402 verbose headers   age: '761',
402 verbose headers   connection: 'keep-alive',
402 verbose headers   'x-served-by': 'cache-ams4145-AMS',
402 verbose headers   'x-cache': 'HIT',
402 verbose headers   'x-cache-hits': '21',
402 verbose headers   'x-timer': 'S1457548396.248579,VS0,VE0' }
403 silly get cb [ 304,
403 silly get   { date: 'Wed, 09 Mar 2016 18:33:16 GMT',
403 silly get     via: '1.1 varnish',
403 silly get     'cache-control': 'max-age=300',
403 silly get     etag: '"56d95ac7-4ea4"',
403 silly get     expires: 'Thu, 10 Mar 2016 00:15:33 GMT',
403 silly get     age: '761',
403 silly get     connection: 'keep-alive',
403 silly get     'x-served-by': 'cache-ams4145-AMS',
403 silly get     'x-cache': 'HIT',
403 silly get     'x-cache-hits': '21',
403 silly get     'x-timer': 'S1457548396.248579,VS0,VE0' } ]
404 verbose etag https://registry.npmjs.org/mime from cache
405 verbose get saving mime to C:\Users\Hansi\AppData\Roaming\npm-cache\registry.npmjs.org\mime\.cache.json
406 verbose correctMkdir C:\Users\Hansi\AppData\Roaming\npm-cache correctMkdir not in flight; initializing
407 silly resolveWithNewModule mime@1.3.4 checking installable status
408 silly cache add args [ 'mime@^1.2.11', null ]
409 verbose cache add spec mime@^1.2.11
410 silly cache add parsed spec Result {
410 silly cache add   raw: 'mime@^1.2.11',
410 silly cache add   scope: null,
410 silly cache add   name: 'mime',
410 silly cache add   rawSpec: '^1.2.11',
410 silly cache add   spec: '>=1.2.11 <2.0.0',
410 silly cache add   type: 'range' }
411 silly addNamed mime@>=1.2.11 <2.0.0
412 verbose addNamed ">=1.2.11 <2.0.0" is a valid semver range for mime
413 silly addNameRange { name: 'mime', range: '>=1.2.11 <2.0.0', hasData: false }
414 silly mapToRegistry name mime
415 silly mapToRegistry using default registry
416 silly mapToRegistry registry https://registry.npmjs.org/
417 silly mapToRegistry uri https://registry.npmjs.org/mime
418 verbose addNameRange registry:https://registry.npmjs.org/mime not in flight; fetching
419 verbose get https://registry.npmjs.org/mime not expired, no request
420 silly addNameRange number 2 { name: 'mime', range: '>=1.2.11 <2.0.0', hasData: true }
421 silly addNameRange versions [ 'mime',
421 silly addNameRange   [ '1.0.0',
421 silly addNameRange     '1.1.0',
421 silly addNameRange     '1.2.1',
421 silly addNameRange     '1.2.2',
421 silly addNameRange     '1.2.3',
421 silly addNameRange     '1.2.4',
421 silly addNameRange     '1.2.5',
421 silly addNameRange     '1.2.6',
421 silly addNameRange     '1.2.7',
421 silly addNameRange     '1.2.8',
421 silly addNameRange     '1.2.9',
421 silly addNameRange     '1.2.10',
421 silly addNameRange     '1.2.11',
421 silly addNameRange     '1.3.0',
421 silly addNameRange     '1.3.2',
421 silly addNameRange     '1.3.3',
421 silly addNameRange     '1.3.4' ] ]
422 silly addNamed mime@1.3.4
423 verbose addNamed "1.3.4" is a plain semver version for mime
424 silly cache afterAdd mime@1.3.4
425 verbose afterAdd C:\Users\Hansi\AppData\Roaming\npm-cache\mime\1.3.4\package\package.json not in flight; writing
426 verbose correctMkdir C:\Users\Hansi\AppData\Roaming\npm-cache correctMkdir not in flight; initializing
427 http 304 https://registry.npmjs.org/he
428 verbose headers { date: 'Wed, 09 Mar 2016 18:33:16 GMT',
428 verbose headers   via: '1.1 varnish',
428 verbose headers   'cache-control': 'max-age=300',
428 verbose headers   etag: '"56cdec3a-a3ae"',
428 verbose headers   expires: 'Thu, 10 Mar 2016 00:17:48 GMT',
428 verbose headers   age: '493',
428 verbose headers   connection: 'keep-alive',
428 verbose headers   'x-served-by': 'cache-ams4133-AMS',
428 verbose headers   'x-cache': 'HIT',
428 verbose headers   'x-cache-hits': '1',
428 verbose headers   'x-timer': 'S1457548396.252961,VS0,VE0' }
429 silly get cb [ 304,
429 silly get   { date: 'Wed, 09 Mar 2016 18:33:16 GMT',
429 silly get     via: '1.1 varnish',
429 silly get     'cache-control': 'max-age=300',
429 silly get     etag: '"56cdec3a-a3ae"',
429 silly get     expires: 'Thu, 10 Mar 2016 00:17:48 GMT',
429 silly get     age: '493',
429 silly get     connection: 'keep-alive',
429 silly get     'x-served-by': 'cache-ams4133-AMS',
429 silly get     'x-cache': 'HIT',
429 silly get     'x-cache-hits': '1',
429 silly get     'x-timer': 'S1457548396.252961,VS0,VE0' } ]
430 verbose etag https://registry.npmjs.org/he from cache
431 verbose get saving he to C:\Users\Hansi\AppData\Roaming\npm-cache\registry.npmjs.org\he\.cache.json
432 verbose correctMkdir C:\Users\Hansi\AppData\Roaming\npm-cache correctMkdir not in flight; initializing
433 verbose afterAdd C:\Users\Hansi\AppData\Roaming\npm-cache\mime\1.3.4\package\package.json written
434 silly resolveWithNewModule he@0.5.0 checking installable status
435 silly cache add args [ 'he@^0.5.0', null ]
436 verbose cache add spec he@^0.5.0
437 silly cache add parsed spec Result {
437 silly cache add   raw: 'he@^0.5.0',
437 silly cache add   scope: null,
437 silly cache add   name: 'he',
437 silly cache add   rawSpec: '^0.5.0',
437 silly cache add   spec: '>=0.5.0 <0.6.0',
437 silly cache add   type: 'range' }
438 silly addNamed he@>=0.5.0 <0.6.0
439 verbose addNamed ">=0.5.0 <0.6.0" is a valid semver range for he
440 silly addNameRange { name: 'he', range: '>=0.5.0 <0.6.0', hasData: false }
441 silly mapToRegistry name he
442 silly mapToRegistry using default registry
443 silly mapToRegistry registry https://registry.npmjs.org/
444 silly mapToRegistry uri https://registry.npmjs.org/he
445 verbose addNameRange registry:https://registry.npmjs.org/he not in flight; fetching
446 http 304 https://registry.npmjs.org/url-join
447 verbose headers { date: 'Wed, 09 Mar 2016 18:33:16 GMT',
447 verbose headers   via: '1.1 varnish',
447 verbose headers   'cache-control': 'max-age=300',
447 verbose headers   etag: '"56cdc89d-a8d"',
447 verbose headers   expires: 'Thu, 10 Mar 2016 00:16:30 GMT',
447 verbose headers   age: '547',
447 verbose headers   connection: 'keep-alive',
447 verbose headers   'x-served-by': 'cache-ams4139-AMS',
447 verbose headers   'x-cache': 'HIT',
447 verbose headers   'x-cache-hits': '1',
447 verbose headers   'x-timer': 'S1457548396.260136,VS0,VE0' }
448 silly get cb [ 304,
448 silly get   { date: 'Wed, 09 Mar 2016 18:33:16 GMT',
448 silly get     via: '1.1 varnish',
448 silly get     'cache-control': 'max-age=300',
448 silly get     etag: '"56cdc89d-a8d"',
448 silly get     expires: 'Thu, 10 Mar 2016 00:16:30 GMT',
448 silly get     age: '547',
448 silly get     connection: 'keep-alive',
448 silly get     'x-served-by': 'cache-ams4139-AMS',
448 silly get     'x-cache': 'HIT',
448 silly get     'x-cache-hits': '1',
448 silly get     'x-timer': 'S1457548396.260136,VS0,VE0' } ]
449 verbose etag https://registry.npmjs.org/url-join from cache
450 verbose get saving url-join to C:\Users\Hansi\AppData\Roaming\npm-cache\registry.npmjs.org\url-join\.cache.json
451 verbose correctMkdir C:\Users\Hansi\AppData\Roaming\npm-cache correctMkdir not in flight; initializing
452 verbose get https://registry.npmjs.org/he not expired, no request
453 silly addNameRange number 2 { name: 'he', range: '>=0.5.0 <0.6.0', hasData: true }
454 silly addNameRange versions [ 'he',
454 silly addNameRange   [ '0.1.0',
454 silly addNameRange     '0.1.1',
454 silly addNameRange     '0.1.2',
454 silly addNameRange     '0.1.3',
454 silly addNameRange     '0.1.4',
454 silly addNameRange     '0.1.5',
454 silly addNameRange     '0.1.6',
454 silly addNameRange     '0.1.7',
454 silly addNameRange     '0.1.8',
454 silly addNameRange     '0.1.9',
454 silly addNameRange     '0.1.10',
454 silly addNameRange     '0.2.0',
454 silly addNameRange     '0.2.1',
454 silly addNameRange     '0.3.0',
454 silly addNameRange     '0.3.1',
454 silly addNameRange     '0.3.2',
454 silly addNameRange     '0.3.3',
454 silly addNameRange     '0.3.4',
454 silly addNameRange     '0.3.5',
454 silly addNameRange     '0.3.6',
454 silly addNameRange     '0.4.0',
454 silly addNameRange     '0.4.1',
454 silly addNameRange     '0.5.0' ] ]
455 silly addNamed he@0.5.0
456 verbose addNamed "0.5.0" is a plain semver version for he
457 http 304 https://registry.npmjs.org/minimist
458 verbose headers { date: 'Wed, 09 Mar 2016 18:33:16 GMT',
458 verbose headers   via: '1.1 varnish',
458 verbose headers   'cache-control': 'max-age=300',
458 verbose headers   etag: '"56d7ddeb-6b1b"',
458 verbose headers   expires: 'Thu, 10 Mar 2016 00:15:40 GMT',
458 verbose headers   age: '755',
458 verbose headers   connection: 'keep-alive',
458 verbose headers   'x-served-by': 'cache-ams4144-AMS',
458 verbose headers   'x-cache': 'HIT',
458 verbose headers   'x-cache-hits': '51',
458 verbose headers   'x-timer': 'S1457548396.268570,VS0,VE0' }
459 silly get cb [ 304,
459 silly get   { date: 'Wed, 09 Mar 2016 18:33:16 GMT',
459 silly get     via: '1.1 varnish',
459 silly get     'cache-control': 'max-age=300',
459 silly get     etag: '"56d7ddeb-6b1b"',
459 silly get     expires: 'Thu, 10 Mar 2016 00:15:40 GMT',
459 silly get     age: '755',
459 silly get     connection: 'keep-alive',
459 silly get     'x-served-by': 'cache-ams4144-AMS',
459 silly get     'x-cache': 'HIT',
459 silly get     'x-cache-hits': '51',
459 silly get     'x-timer': 'S1457548396.268570,VS0,VE0' } ]
460 verbose etag https://registry.npmjs.org/minimist from cache
461 verbose get saving minimist to C:\Users\Hansi\AppData\Roaming\npm-cache\registry.npmjs.org\minimist\.cache.json
462 verbose correctMkdir C:\Users\Hansi\AppData\Roaming\npm-cache correctMkdir not in flight; initializing
463 silly resolveWithNewModule url-join@0.0.1 checking installable status
464 silly cache add args [ 'url-join@0.0.1', null ]
465 verbose cache add spec url-join@0.0.1
466 silly cache add parsed spec Result {
466 silly cache add   raw: 'url-join@0.0.1',
466 silly cache add   scope: null,
466 silly cache add   name: 'url-join',
466 silly cache add   rawSpec: '0.0.1',
466 silly cache add   spec: '0.0.1',
466 silly cache add   type: 'version' }
467 silly addNamed url-join@0.0.1
468 verbose addNamed "0.0.1" is a plain semver version for url-join
469 silly mapToRegistry name url-join
470 silly mapToRegistry using default registry
471 silly mapToRegistry registry https://registry.npmjs.org/
472 silly mapToRegistry uri https://registry.npmjs.org/url-join
473 verbose addNameVersion registry:https://registry.npmjs.org/url-join not in flight; fetching
474 silly cache afterAdd he@0.5.0
475 verbose afterAdd C:\Users\Hansi\AppData\Roaming\npm-cache\he\0.5.0\package\package.json not in flight; writing
476 verbose correctMkdir C:\Users\Hansi\AppData\Roaming\npm-cache correctMkdir not in flight; initializing
477 verbose get https://registry.npmjs.org/url-join not expired, no request
478 silly resolveWithNewModule minimist@1.2.0 checking installable status
479 silly cache add args [ 'minimist@^1.1.0', null ]
480 verbose cache add spec minimist@^1.1.0
481 silly cache add parsed spec Result {
481 silly cache add   raw: 'minimist@^1.1.0',
481 silly cache add   scope: null,
481 silly cache add   name: 'minimist',
481 silly cache add   rawSpec: '^1.1.0',
481 silly cache add   spec: '>=1.1.0 <2.0.0',
481 silly cache add   type: 'range' }
482 silly addNamed minimist@>=1.1.0 <2.0.0
483 verbose addNamed ">=1.1.0 <2.0.0" is a valid semver range for minimist
484 silly addNameRange { name: 'minimist', range: '>=1.1.0 <2.0.0', hasData: false }
485 silly mapToRegistry name minimist
486 silly mapToRegistry using default registry
487 silly mapToRegistry registry https://registry.npmjs.org/
488 silly mapToRegistry uri https://registry.npmjs.org/minimist
489 verbose addNameRange registry:https://registry.npmjs.org/minimist not in flight; fetching
490 verbose afterAdd C:\Users\Hansi\AppData\Roaming\npm-cache\he\0.5.0\package\package.json written
491 silly cache afterAdd url-join@0.0.1
492 verbose afterAdd C:\Users\Hansi\AppData\Roaming\npm-cache\url-join\0.0.1\package\package.json not in flight; writing
493 verbose correctMkdir C:\Users\Hansi\AppData\Roaming\npm-cache correctMkdir not in flight; initializing
494 verbose get https://registry.npmjs.org/minimist not expired, no request
495 silly addNameRange number 2 { name: 'minimist', range: '>=1.1.0 <2.0.0', hasData: true }
496 silly addNameRange versions [ 'minimist',
496 silly addNameRange   [ '0.0.0',
496 silly addNameRange     '0.0.1',
496 silly addNameRange     '0.0.2',
496 silly addNameRange     '0.0.3',
496 silly addNameRange     '0.0.4',
496 silly addNameRange     '0.0.5',
496 silly addNameRange     '0.0.6',
496 silly addNameRange     '0.0.7',
496 silly addNameRange     '0.0.8',
496 silly addNameRange     '0.0.9',
496 silly addNameRange     '0.0.10',
496 silly addNameRange     '0.1.0',
496 silly addNameRange     '0.2.0',
496 silly addNameRange     '1.0.0',
496 silly addNameRange     '1.1.0',
496 silly addNameRange     '1.1.1',
496 silly addNameRange     '1.1.2',
496 silly addNameRange     '1.1.3',
496 silly addNameRange     '1.2.0' ] ]
497 silly addNamed minimist@1.2.0
498 verbose addNamed "1.2.0" is a plain semver version for minimist
499 verbose afterAdd C:\Users\Hansi\AppData\Roaming\npm-cache\url-join\0.0.1\package\package.json written
500 silly cache afterAdd minimist@1.2.0
501 verbose afterAdd C:\Users\Hansi\AppData\Roaming\npm-cache\minimist\1.2.0\package\package.json not in flight; writing
502 verbose correctMkdir C:\Users\Hansi\AppData\Roaming\npm-cache correctMkdir not in flight; initializing
503 verbose afterAdd C:\Users\Hansi\AppData\Roaming\npm-cache\minimist\1.2.0\package\package.json written
504 silly fetchNamedPackageData eventemitter3
505 silly mapToRegistry name eventemitter3
506 silly mapToRegistry using default registry
507 silly mapToRegistry registry https://registry.npmjs.org/
508 silly mapToRegistry uri https://registry.npmjs.org/eventemitter3
509 silly fetchNamedPackageData requires-port
510 silly mapToRegistry name requires-port
511 silly mapToRegistry using default registry
512 silly mapToRegistry registry https://registry.npmjs.org/
513 silly mapToRegistry uri https://registry.npmjs.org/requires-port
514 verbose request uri https://registry.npmjs.org/eventemitter3
515 verbose request no auth needed
516 info attempt registry request try #1 at 19:33:14
517 verbose etag "56da95c5-5ffe"
518 verbose lastModified Sat, 05 Mar 2016 08:16:05 GMT
519 http request GET https://registry.npmjs.org/eventemitter3
520 verbose request uri https://registry.npmjs.org/requires-port
521 verbose request no auth needed
522 info attempt registry request try #1 at 19:33:14
523 verbose etag "56cda51b-1bce"
524 verbose lastModified Wed, 24 Feb 2016 12:42:03 GMT
525 http request GET https://registry.npmjs.org/requires-port
526 http 304 https://registry.npmjs.org/eventemitter3
527 verbose headers { date: 'Wed, 09 Mar 2016 18:33:16 GMT',
527 verbose headers   via: '1.1 varnish',
527 verbose headers   'cache-control': 'max-age=300',
527 verbose headers   etag: '"56da95c5-5ffe"',
527 verbose headers   expires: 'Thu, 10 Mar 2016 00:15:50 GMT',
527 verbose headers   age: '745',
527 verbose headers   connection: 'keep-alive',
527 verbose headers   'x-served-by': 'cache-ams4132-AMS',
527 verbose headers   'x-cache': 'HIT',
527 verbose headers   'x-cache-hits': '3',
527 verbose headers   'x-timer': 'S1457548396.508577,VS0,VE0' }
528 silly get cb [ 304,
528 silly get   { date: 'Wed, 09 Mar 2016 18:33:16 GMT',
528 silly get     via: '1.1 varnish',
528 silly get     'cache-control': 'max-age=300',
528 silly get     etag: '"56da95c5-5ffe"',
528 silly get     expires: 'Thu, 10 Mar 2016 00:15:50 GMT',
528 silly get     age: '745',
528 silly get     connection: 'keep-alive',
528 silly get     'x-served-by': 'cache-ams4132-AMS',
528 silly get     'x-cache': 'HIT',
528 silly get     'x-cache-hits': '3',
528 silly get     'x-timer': 'S1457548396.508577,VS0,VE0' } ]
529 verbose etag https://registry.npmjs.org/eventemitter3 from cache
530 verbose get saving eventemitter3 to C:\Users\Hansi\AppData\Roaming\npm-cache\registry.npmjs.org\eventemitter3\.cache.json
531 verbose correctMkdir C:\Users\Hansi\AppData\Roaming\npm-cache correctMkdir not in flight; initializing
532 silly resolveWithNewModule eventemitter3@1.1.1 checking installable status
533 silly cache add args [ 'eventemitter3@1.x.x', null ]
534 verbose cache add spec eventemitter3@1.x.x
535 silly cache add parsed spec Result {
535 silly cache add   raw: 'eventemitter3@1.x.x',
535 silly cache add   scope: null,
535 silly cache add   name: 'eventemitter3',
535 silly cache add   rawSpec: '1.x.x',
535 silly cache add   spec: '>=1.0.0 <2.0.0',
535 silly cache add   type: 'range' }
536 silly addNamed eventemitter3@>=1.0.0 <2.0.0
537 verbose addNamed ">=1.0.0 <2.0.0" is a valid semver range for eventemitter3
538 silly addNameRange { name: 'eventemitter3',
538 silly addNameRange   range: '>=1.0.0 <2.0.0',
538 silly addNameRange   hasData: false }
539 silly mapToRegistry name eventemitter3
540 silly mapToRegistry using default registry
541 silly mapToRegistry registry https://registry.npmjs.org/
542 silly mapToRegistry uri https://registry.npmjs.org/eventemitter3
543 verbose addNameRange registry:https://registry.npmjs.org/eventemitter3 not in flight; fetching
544 verbose get https://registry.npmjs.org/eventemitter3 not expired, no request
545 silly addNameRange number 2 { name: 'eventemitter3', range: '>=1.0.0 <2.0.0', hasData: true }
546 silly addNameRange versions [ 'eventemitter3',
546 silly addNameRange   [ '0.0.0',
546 silly addNameRange     '0.0.1',
546 silly addNameRange     '0.1.0',
546 silly addNameRange     '0.1.1',
546 silly addNameRange     '0.1.2',
546 silly addNameRange     '0.1.3',
546 silly addNameRange     '0.1.4',
546 silly addNameRange     '0.1.5',
546 silly addNameRange     '0.1.6',
546 silly addNameRange     '1.0.0',
546 silly addNameRange     '1.0.1',
546 silly addNameRange     '1.0.2',
546 silly addNameRange     '1.0.3',
546 silly addNameRange     '1.1.0',
546 silly addNameRange     '1.1.1' ] ]
547 silly addNamed eventemitter3@1.1.1
548 verbose addNamed "1.1.1" is a plain semver version for eventemitter3
549 silly cache afterAdd eventemitter3@1.1.1
550 verbose afterAdd C:\Users\Hansi\AppData\Roaming\npm-cache\eventemitter3\1.1.1\package\package.json not in flight; writing
551 verbose correctMkdir C:\Users\Hansi\AppData\Roaming\npm-cache correctMkdir not in flight; initializing
552 verbose afterAdd C:\Users\Hansi\AppData\Roaming\npm-cache\eventemitter3\1.1.1\package\package.json written
553 http 304 https://registry.npmjs.org/requires-port
554 verbose headers { date: 'Wed, 09 Mar 2016 18:33:16 GMT',
554 verbose headers   via: '1.1 varnish',
554 verbose headers   'cache-control': 'max-age=300',
554 verbose headers   etag: '"56cda51b-1bce"',
554 verbose headers   expires: 'Thu, 10 Mar 2016 00:15:50 GMT',
554 verbose headers   age: '745',
554 verbose headers   connection: 'keep-alive',
554 verbose headers   'x-served-by': 'cache-ams4148-AMS',
554 verbose headers   'x-cache': 'HIT',
554 verbose headers   'x-cache-hits': '4',
554 verbose headers   'x-timer': 'S1457548396.518056,VS0,VE0' }
555 silly get cb [ 304,
555 silly get   { date: 'Wed, 09 Mar 2016 18:33:16 GMT',
555 silly get     via: '1.1 varnish',
555 silly get     'cache-control': 'max-age=300',
555 silly get     etag: '"56cda51b-1bce"',
555 silly get     expires: 'Thu, 10 Mar 2016 00:15:50 GMT',
555 silly get     age: '745',
555 silly get     connection: 'keep-alive',
555 silly get     'x-served-by': 'cache-ams4148-AMS',
555 silly get     'x-cache': 'HIT',
555 silly get     'x-cache-hits': '4',
555 silly get     'x-timer': 'S1457548396.518056,VS0,VE0' } ]
556 verbose etag https://registry.npmjs.org/requires-port from cache
557 verbose get saving requires-port to C:\Users\Hansi\AppData\Roaming\npm-cache\registry.npmjs.org\requires-port\.cache.json
558 verbose correctMkdir C:\Users\Hansi\AppData\Roaming\npm-cache correctMkdir not in flight; initializing
559 silly resolveWithNewModule requires-port@1.0.0 checking installable status
560 silly cache add args [ 'requires-port@1.x.x', null ]
561 verbose cache add spec requires-port@1.x.x
562 silly cache add parsed spec Result {
562 silly cache add   raw: 'requires-port@1.x.x',
562 silly cache add   scope: null,
562 silly cache add   name: 'requires-port',
562 silly cache add   rawSpec: '1.x.x',
562 silly cache add   spec: '>=1.0.0 <2.0.0',
562 silly cache add   type: 'range' }
563 silly addNamed requires-port@>=1.0.0 <2.0.0
564 verbose addNamed ">=1.0.0 <2.0.0" is a valid semver range for requires-port
565 silly addNameRange { name: 'requires-port',
565 silly addNameRange   range: '>=1.0.0 <2.0.0',
565 silly addNameRange   hasData: false }
566 silly mapToRegistry name requires-port
567 silly mapToRegistry using default registry
568 silly mapToRegistry registry https://registry.npmjs.org/
569 silly mapToRegistry uri https://registry.npmjs.org/requires-port
570 verbose addNameRange registry:https://registry.npmjs.org/requires-port not in flight; fetching
571 verbose get https://registry.npmjs.org/requires-port not expired, no request
572 silly addNameRange number 2 { name: 'requires-port', range: '>=1.0.0 <2.0.0', hasData: true }
573 silly addNameRange versions [ 'requires-port', [ '0.0.0', '0.0.1', '1.0.0' ] ]
574 silly addNamed requires-port@1.0.0
575 verbose addNamed "1.0.0" is a plain semver version for requires-port
576 silly cache afterAdd requires-port@1.0.0
577 verbose afterAdd C:\Users\Hansi\AppData\Roaming\npm-cache\requires-port\1.0.0\package\package.json not in flight; writing
578 verbose correctMkdir C:\Users\Hansi\AppData\Roaming\npm-cache correctMkdir not in flight; initializing
579 verbose afterAdd C:\Users\Hansi\AppData\Roaming\npm-cache\requires-port\1.0.0\package\package.json written
580 silly fetchNamedPackageData wordwrap
581 silly mapToRegistry name wordwrap
582 silly mapToRegistry using default registry
583 silly mapToRegistry registry https://registry.npmjs.org/
584 silly mapToRegistry uri https://registry.npmjs.org/wordwrap
585 silly fetchNamedPackageData minimist
586 silly mapToRegistry name minimist
587 silly mapToRegistry using default registry
588 silly mapToRegistry registry https://registry.npmjs.org/
589 silly mapToRegistry uri https://registry.npmjs.org/minimist
590 silly resolveWithNewModule minimist@0.0.10 checking installable status
591 silly cache add args [ 'minimist@~0.0.1', null ]
592 verbose cache add spec minimist@~0.0.1
593 silly cache add parsed spec Result {
593 silly cache add   raw: 'minimist@~0.0.1',
593 silly cache add   scope: null,
593 silly cache add   name: 'minimist',
593 silly cache add   rawSpec: '~0.0.1',
593 silly cache add   spec: '>=0.0.1 <0.1.0',
593 silly cache add   type: 'range' }
594 silly addNamed minimist@>=0.0.1 <0.1.0
595 verbose addNamed ">=0.0.1 <0.1.0" is a valid semver range for minimist
596 silly addNameRange { name: 'minimist', range: '>=0.0.1 <0.1.0', hasData: false }
597 silly mapToRegistry name minimist
598 silly mapToRegistry using default registry
599 silly mapToRegistry registry https://registry.npmjs.org/
600 silly mapToRegistry uri https://registry.npmjs.org/minimist
601 verbose addNameRange registry:https://registry.npmjs.org/minimist not in flight; fetching
602 verbose request uri https://registry.npmjs.org/wordwrap
603 verbose request no auth needed
604 info attempt registry request try #1 at 19:33:14
605 verbose etag "56cded84-1a84"
606 verbose lastModified Wed, 24 Feb 2016 17:51:00 GMT
607 http request GET https://registry.npmjs.org/wordwrap
608 verbose get https://registry.npmjs.org/minimist not expired, no request
609 silly addNameRange number 2 { name: 'minimist', range: '>=0.0.1 <0.1.0', hasData: true }
610 silly addNameRange versions [ 'minimist',
610 silly addNameRange   [ '0.0.0',
610 silly addNameRange     '0.0.1',
610 silly addNameRange     '0.0.2',
610 silly addNameRange     '0.0.3',
610 silly addNameRange     '0.0.4',
610 silly addNameRange     '0.0.5',
610 silly addNameRange     '0.0.6',
610 silly addNameRange     '0.0.7',
610 silly addNameRange     '0.0.8',
610 silly addNameRange     '0.0.9',
610 silly addNameRange     '0.0.10',
610 silly addNameRange     '0.1.0',
610 silly addNameRange     '0.2.0',
610 silly addNameRange     '1.0.0',
610 silly addNameRange     '1.1.0',
610 silly addNameRange     '1.1.1',
610 silly addNameRange     '1.1.2',
610 silly addNameRange     '1.1.3',
610 silly addNameRange     '1.2.0' ] ]
611 silly addNamed minimist@0.0.10
612 verbose addNamed "0.0.10" is a plain semver version for minimist
613 silly cache afterAdd minimist@0.0.10
614 verbose afterAdd C:\Users\Hansi\AppData\Roaming\npm-cache\minimist\0.0.10\package\package.json not in flight; writing
615 verbose correctMkdir C:\Users\Hansi\AppData\Roaming\npm-cache correctMkdir not in flight; initializing
616 verbose afterAdd C:\Users\Hansi\AppData\Roaming\npm-cache\minimist\0.0.10\package\package.json written
617 http 304 https://registry.npmjs.org/wordwrap
618 verbose headers { date: 'Wed, 09 Mar 2016 18:33:17 GMT',
618 verbose headers   via: '1.1 varnish',
618 verbose headers   'cache-control': 'max-age=300',
618 verbose headers   etag: '"56cded84-1a84"',
618 verbose headers   expires: 'Thu, 10 Mar 2016 00:15:29 GMT',
618 verbose headers   age: '765',
618 verbose headers   connection: 'keep-alive',
618 verbose headers   'x-served-by': 'cache-ams4145-AMS',
618 verbose headers   'x-cache': 'HIT',
618 verbose headers   'x-cache-hits': '28',
618 verbose headers   'x-timer': 'S1457548397.064329,VS0,VE0' }
619 silly get cb [ 304,
619 silly get   { date: 'Wed, 09 Mar 2016 18:33:17 GMT',
619 silly get     via: '1.1 varnish',
619 silly get     'cache-control': 'max-age=300',
619 silly get     etag: '"56cded84-1a84"',
619 silly get     expires: 'Thu, 10 Mar 2016 00:15:29 GMT',
619 silly get     age: '765',
619 silly get     connection: 'keep-alive',
619 silly get     'x-served-by': 'cache-ams4145-AMS',
619 silly get     'x-cache': 'HIT',
619 silly get     'x-cache-hits': '28',
619 silly get     'x-timer': 'S1457548397.064329,VS0,VE0' } ]
620 verbose etag https://registry.npmjs.org/wordwrap from cache
621 verbose get saving wordwrap to C:\Users\Hansi\AppData\Roaming\npm-cache\registry.npmjs.org\wordwrap\.cache.json
622 verbose correctMkdir C:\Users\Hansi\AppData\Roaming\npm-cache correctMkdir not in flight; initializing
623 silly resolveWithNewModule wordwrap@0.0.3 checking installable status
624 silly cache add args [ 'wordwrap@~0.0.2', null ]
625 verbose cache add spec wordwrap@~0.0.2
626 silly cache add parsed spec Result {
626 silly cache add   raw: 'wordwrap@~0.0.2',
626 silly cache add   scope: null,
626 silly cache add   name: 'wordwrap',
626 silly cache add   rawSpec: '~0.0.2',
626 silly cache add   spec: '>=0.0.2 <0.1.0',
626 silly cache add   type: 'range' }
627 silly addNamed wordwrap@>=0.0.2 <0.1.0
628 verbose addNamed ">=0.0.2 <0.1.0" is a valid semver range for wordwrap
629 silly addNameRange { name: 'wordwrap', range: '>=0.0.2 <0.1.0', hasData: false }
630 silly mapToRegistry name wordwrap
631 silly mapToRegistry using default registry
632 silly mapToRegistry registry https://registry.npmjs.org/
633 silly mapToRegistry uri https://registry.npmjs.org/wordwrap
634 verbose addNameRange registry:https://registry.npmjs.org/wordwrap not in flight; fetching
635 verbose get https://registry.npmjs.org/wordwrap not expired, no request
636 silly addNameRange number 2 { name: 'wordwrap', range: '>=0.0.2 <0.1.0', hasData: true }
637 silly addNameRange versions [ 'wordwrap', [ '0.0.1', '0.0.2', '0.0.3', '1.0.0' ] ]
638 silly addNamed wordwrap@0.0.3
639 verbose addNamed "0.0.3" is a plain semver version for wordwrap
640 silly cache afterAdd wordwrap@0.0.3
641 verbose afterAdd C:\Users\Hansi\AppData\Roaming\npm-cache\wordwrap\0.0.3\package\package.json not in flight; writing
642 verbose correctMkdir C:\Users\Hansi\AppData\Roaming\npm-cache correctMkdir not in flight; initializing
643 verbose afterAdd C:\Users\Hansi\AppData\Roaming\npm-cache\wordwrap\0.0.3\package\package.json written
644 silly fetchNamedPackageData async
645 silly mapToRegistry name async
646 silly mapToRegistry using default registry
647 silly mapToRegistry registry https://registry.npmjs.org/
648 silly mapToRegistry uri https://registry.npmjs.org/async
649 silly fetchNamedPackageData mkdirp
650 silly mapToRegistry name mkdirp
651 silly mapToRegistry using default registry
652 silly mapToRegistry registry https://registry.npmjs.org/
653 silly mapToRegistry uri https://registry.npmjs.org/mkdirp
654 verbose request uri https://registry.npmjs.org/async
655 verbose request no auth needed
656 info attempt registry request try #1 at 19:33:14
657 verbose etag "56dff1e7-22459"
658 verbose lastModified Wed, 09 Mar 2016 09:50:31 GMT
659 http request GET https://registry.npmjs.org/async
660 verbose request uri https://registry.npmjs.org/mkdirp
661 verbose request no auth needed
662 info attempt registry request try #1 at 19:33:14
663 verbose etag "56e00120-5c44"
664 verbose lastModified Wed, 09 Mar 2016 10:55:28 GMT
665 http request GET https://registry.npmjs.org/mkdirp
666 http 304 https://registry.npmjs.org/async
667 verbose headers { date: 'Wed, 09 Mar 2016 18:33:17 GMT',
667 verbose headers   via: '1.1 varnish',
667 verbose headers   'cache-control': 'max-age=300',
667 verbose headers   etag: '"56dff1e7-22459"',
667 verbose headers   expires: 'Thu, 10 Mar 2016 00:15:30 GMT',
667 verbose headers   age: '766',
667 verbose headers   connection: 'keep-alive',
667 verbose headers   'x-served-by': 'cache-ams4122-AMS',
667 verbose headers   'x-cache': 'HIT',
667 verbose headers   'x-cache-hits': '58',
667 verbose headers   'x-timer': 'S1457548397.315119,VS0,VE0' }
668 silly get cb [ 304,
668 silly get   { date: 'Wed, 09 Mar 2016 18:33:17 GMT',
668 silly get     via: '1.1 varnish',
668 silly get     'cache-control': 'max-age=300',
668 silly get     etag: '"56dff1e7-22459"',
668 silly get     expires: 'Thu, 10 Mar 2016 00:15:30 GMT',
668 silly get     age: '766',
668 silly get     connection: 'keep-alive',
668 silly get     'x-served-by': 'cache-ams4122-AMS',
668 silly get     'x-cache': 'HIT',
668 silly get     'x-cache-hits': '58',
668 silly get     'x-timer': 'S1457548397.315119,VS0,VE0' } ]
669 verbose etag https://registry.npmjs.org/async from cache
670 verbose get saving async to C:\Users\Hansi\AppData\Roaming\npm-cache\registry.npmjs.org\async\.cache.json
671 verbose correctMkdir C:\Users\Hansi\AppData\Roaming\npm-cache correctMkdir not in flight; initializing
672 silly resolveWithNewModule async@0.9.0 checking installable status
673 silly cache add args [ 'async@0.9.0', null ]
674 verbose cache add spec async@0.9.0
675 silly cache add parsed spec Result {
675 silly cache add   raw: 'async@0.9.0',
675 silly cache add   scope: null,
675 silly cache add   name: 'async',
675 silly cache add   rawSpec: '0.9.0',
675 silly cache add   spec: '0.9.0',
675 silly cache add   type: 'version' }
676 silly addNamed async@0.9.0
677 verbose addNamed "0.9.0" is a plain semver version for async
678 silly mapToRegistry name async
679 silly mapToRegistry using default registry
680 silly mapToRegistry registry https://registry.npmjs.org/
681 silly mapToRegistry uri https://registry.npmjs.org/async
682 verbose addNameVersion registry:https://registry.npmjs.org/async not in flight; fetching
683 verbose get https://registry.npmjs.org/async not expired, no request
684 silly cache afterAdd async@0.9.0
685 verbose afterAdd C:\Users\Hansi\AppData\Roaming\npm-cache\async\0.9.0\package\package.json not in flight; writing
686 verbose correctMkdir C:\Users\Hansi\AppData\Roaming\npm-cache correctMkdir not in flight; initializing
687 verbose afterAdd C:\Users\Hansi\AppData\Roaming\npm-cache\async\0.9.0\package\package.json written
688 http 304 https://registry.npmjs.org/mkdirp
689 verbose headers { date: 'Wed, 09 Mar 2016 18:33:18 GMT',
689 verbose headers   via: '1.1 varnish',
689 verbose headers   'cache-control': 'max-age=300',
689 verbose headers   etag: '"56e00120-5c44"',
689 verbose headers   expires: 'Thu, 10 Mar 2016 00:15:37 GMT',
689 verbose headers   age: '760',
689 verbose headers   connection: 'keep-alive',
689 verbose headers   'x-served-by': 'cache-ams4144-AMS',
689 verbose headers   'x-cache': 'HIT',
689 verbose headers   'x-cache-hits': '32',
689 verbose headers   'x-timer': 'S1457548398.506388,VS0,VE0' }
690 silly get cb [ 304,
690 silly get   { date: 'Wed, 09 Mar 2016 18:33:18 GMT',
690 silly get     via: '1.1 varnish',
690 silly get     'cache-control': 'max-age=300',
690 silly get     etag: '"56e00120-5c44"',
690 silly get     expires: 'Thu, 10 Mar 2016 00:15:37 GMT',
690 silly get     age: '760',
690 silly get     connection: 'keep-alive',
690 silly get     'x-served-by': 'cache-ams4144-AMS',
690 silly get     'x-cache': 'HIT',
690 silly get     'x-cache-hits': '32',
690 silly get     'x-timer': 'S1457548398.506388,VS0,VE0' } ]
691 verbose etag https://registry.npmjs.org/mkdirp from cache
692 verbose get saving mkdirp to C:\Users\Hansi\AppData\Roaming\npm-cache\registry.npmjs.org\mkdirp\.cache.json
693 verbose correctMkdir C:\Users\Hansi\AppData\Roaming\npm-cache correctMkdir not in flight; initializing
694 silly resolveWithNewModule mkdirp@0.5.1 checking installable status
695 silly cache add args [ 'mkdirp@0.5.x', null ]
696 verbose cache add spec mkdirp@0.5.x
697 silly cache add parsed spec Result {
697 silly cache add   raw: 'mkdirp@0.5.x',
697 silly cache add   scope: null,
697 silly cache add   name: 'mkdirp',
697 silly cache add   rawSpec: '0.5.x',
697 silly cache add   spec: '>=0.5.0 <0.6.0',
697 silly cache add   type: 'range' }
698 silly addNamed mkdirp@>=0.5.0 <0.6.0
699 verbose addNamed ">=0.5.0 <0.6.0" is a valid semver range for mkdirp
700 silly addNameRange { name: 'mkdirp', range: '>=0.5.0 <0.6.0', hasData: false }
701 silly mapToRegistry name mkdirp
702 silly mapToRegistry using default registry
703 silly mapToRegistry registry https://registry.npmjs.org/
704 silly mapToRegistry uri https://registry.npmjs.org/mkdirp
705 verbose addNameRange registry:https://registry.npmjs.org/mkdirp not in flight; fetching
706 verbose get https://registry.npmjs.org/mkdirp not expired, no request
707 silly addNameRange number 2 { name: 'mkdirp', range: '>=0.5.0 <0.6.0', hasData: true }
708 silly addNameRange versions [ 'mkdirp',
708 silly addNameRange   [ '0.0.1',
708 silly addNameRange     '0.0.2',
708 silly addNameRange     '0.0.3',
708 silly addNameRange     '0.0.4',
708 silly addNameRange     '0.0.5',
708 silly addNameRange     '0.0.6',
708 silly addNameRange     '0.0.7',
708 silly addNameRange     '0.1.0',
708 silly addNameRange     '0.2.0',
708 silly addNameRange     '0.2.1',
708 silly addNameRange     '0.2.2',
708 silly addNameRange     '0.3.0',
708 silly addNameRange     '0.3.1',
708 silly addNameRange     '0.3.2',
708 silly addNameRange     '0.3.3',
708 silly addNameRange     '0.3.4',
708 silly addNameRange     '0.3.5',
708 silly addNameRange     '0.4.0',
708 silly addNameRange     '0.4.1',
708 silly addNameRange     '0.4.2',
708 silly addNameRange     '0.5.0',
708 silly addNameRange     '0.5.1' ] ]
709 silly addNamed mkdirp@0.5.1
710 verbose addNamed "0.5.1" is a plain semver version for mkdirp
711 silly cache afterAdd mkdirp@0.5.1
712 verbose afterAdd C:\Users\Hansi\AppData\Roaming\npm-cache\mkdirp\0.5.1\package\package.json not in flight; writing
713 verbose correctMkdir C:\Users\Hansi\AppData\Roaming\npm-cache correctMkdir not in flight; initializing
714 verbose afterAdd C:\Users\Hansi\AppData\Roaming\npm-cache\mkdirp\0.5.1\package\package.json written
715 silly fetchNamedPackageData minimist
716 silly mapToRegistry name minimist
717 silly mapToRegistry using default registry
718 silly mapToRegistry registry https://registry.npmjs.org/
719 silly mapToRegistry uri https://registry.npmjs.org/minimist
720 silly resolveWithNewModule minimist@0.0.8 checking installable status
721 silly cache add args [ 'minimist@0.0.8', null ]
722 verbose cache add spec minimist@0.0.8
723 silly cache add parsed spec Result {
723 silly cache add   raw: 'minimist@0.0.8',
723 silly cache add   scope: null,
723 silly cache add   name: 'minimist',
723 silly cache add   rawSpec: '0.0.8',
723 silly cache add   spec: '0.0.8',
723 silly cache add   type: 'version' }
724 silly addNamed minimist@0.0.8
725 verbose addNamed "0.0.8" is a plain semver version for minimist
726 silly mapToRegistry name minimist
727 silly mapToRegistry using default registry
728 silly mapToRegistry registry https://registry.npmjs.org/
729 silly mapToRegistry uri https://registry.npmjs.org/minimist
730 verbose addNameVersion registry:https://registry.npmjs.org/minimist not in flight; fetching
731 verbose get https://registry.npmjs.org/minimist not expired, no request
732 silly cache afterAdd minimist@0.0.8
733 verbose afterAdd C:\Users\Hansi\AppData\Roaming\npm-cache\minimist\0.0.8\package\package.json not in flight; writing
734 verbose correctMkdir C:\Users\Hansi\AppData\Roaming\npm-cache correctMkdir not in flight; initializing
735 verbose afterAdd C:\Users\Hansi\AppData\Roaming\npm-cache\minimist\0.0.8\package\package.json written
736 silly fetchNamedPackageData qs
737 silly mapToRegistry name qs
738 silly mapToRegistry using default registry
739 silly mapToRegistry registry https://registry.npmjs.org/
740 silly mapToRegistry uri https://registry.npmjs.org/qs
741 verbose request uri https://registry.npmjs.org/qs
742 verbose request no auth needed
743 info attempt registry request try #1 at 19:33:16
744 verbose etag "56d43d67-10d17"
745 verbose lastModified Mon, 29 Feb 2016 12:45:27 GMT
746 http request GET https://registry.npmjs.org/qs
747 http 304 https://registry.npmjs.org/qs
748 verbose headers { date: 'Wed, 09 Mar 2016 18:33:18 GMT',
748 verbose headers   via: '1.1 varnish',
748 verbose headers   'cache-control': 'max-age=300',
748 verbose headers   etag: '"56d43d67-10d17"',
748 verbose headers   expires: 'Thu, 10 Mar 2016 00:15:30 GMT',
748 verbose headers   age: '767',
748 verbose headers   connection: 'keep-alive',
748 verbose headers   'x-served-by': 'cache-ams4135-AMS',
748 verbose headers   'x-cache': 'HIT',
748 verbose headers   'x-cache-hits': '32',
748 verbose headers   'x-timer': 'S1457548398.773886,VS0,VE0' }
749 silly get cb [ 304,
749 silly get   { date: 'Wed, 09 Mar 2016 18:33:18 GMT',
749 silly get     via: '1.1 varnish',
749 silly get     'cache-control': 'max-age=300',
749 silly get     etag: '"56d43d67-10d17"',
749 silly get     expires: 'Thu, 10 Mar 2016 00:15:30 GMT',
749 silly get     age: '767',
749 silly get     connection: 'keep-alive',
749 silly get     'x-served-by': 'cache-ams4135-AMS',
749 silly get     'x-cache': 'HIT',
749 silly get     'x-cache-hits': '32',
749 silly get     'x-timer': 'S1457548398.773886,VS0,VE0' } ]
750 verbose etag https://registry.npmjs.org/qs from cache
751 verbose get saving qs to C:\Users\Hansi\AppData\Roaming\npm-cache\registry.npmjs.org\qs\.cache.json
752 verbose correctMkdir C:\Users\Hansi\AppData\Roaming\npm-cache correctMkdir not in flight; initializing
753 silly resolveWithNewModule qs@2.3.3 checking installable status
754 silly cache add args [ 'qs@~2.3.3', null ]
755 verbose cache add spec qs@~2.3.3
756 silly cache add parsed spec Result {
756 silly cache add   raw: 'qs@~2.3.3',
756 silly cache add   scope: null,
756 silly cache add   name: 'qs',
756 silly cache add   rawSpec: '~2.3.3',
756 silly cache add   spec: '>=2.3.3 <2.4.0',
756 silly cache add   type: 'range' }
757 silly addNamed qs@>=2.3.3 <2.4.0
758 verbose addNamed ">=2.3.3 <2.4.0" is a valid semver range for qs
759 silly addNameRange { name: 'qs', range: '>=2.3.3 <2.4.0', hasData: false }
760 silly mapToRegistry name qs
761 silly mapToRegistry using default registry
762 silly mapToRegistry registry https://registry.npmjs.org/
763 silly mapToRegistry uri https://registry.npmjs.org/qs
764 verbose addNameRange registry:https://registry.npmjs.org/qs not in flight; fetching
765 verbose get https://registry.npmjs.org/qs not expired, no request
766 silly addNameRange number 2 { name: 'qs', range: '>=2.3.3 <2.4.0', hasData: true }
767 silly addNameRange versions [ 'qs',
767 silly addNameRange   [ '0.0.1',
767 silly addNameRange     '0.0.2',
767 silly addNameRange     '0.0.3',
767 silly addNameRange     '0.0.4',
767 silly addNameRange     '0.0.5',
767 silly addNameRange     '0.0.6',
767 silly addNameRange     '0.0.7',
767 silly addNameRange     '0.1.0',
767 silly addNameRange     '0.2.0',
767 silly addNameRange     '0.3.0',
767 silly addNameRange     '0.3.1',
767 silly addNameRange     '0.3.2',
767 silly addNameRange     '0.4.0',
767 silly addNameRange     '0.4.1',
767 silly addNameRange     '0.4.2',
767 silly addNameRange     '0.5.0',
767 silly addNameRange     '0.5.1',
767 silly addNameRange     '0.5.2',
767 silly addNameRange     '0.5.3',
767 silly addNameRange     '0.5.4',
767 silly addNameRange     '0.5.5',
767 silly addNameRange     '0.5.6',
767 silly addNameRange     '0.6.0',
767 silly addNameRange     '0.6.1',
767 silly addNameRange     '0.6.2',
767 silly addNameRange     '0.6.3',
767 silly addNameRange     '0.6.4',
767 silly addNameRange     '0.6.5',
767 silly addNameRange     '0.6.6',
767 silly addNameRange     '1.0.0',
767 silly addNameRange     '1.0.1',
767 silly addNameRange     '1.0.2',
767 silly addNameRange     '1.1.0',
767 silly addNameRange     '1.2.0',
767 silly addNameRange     '1.2.1',
767 silly addNameRange     '1.2.2',
767 silly addNameRange     '2.0.0',
767 silly addNameRange     '2.1.0',
767 silly addNameRange     '2.2.0',
767 silly addNameRange     '2.2.1',
767 silly addNameRange     '2.2.2',
767 silly addNameRange     '2.2.3',
767 silly addNameRange     '2.2.4',
767 silly addNameRange     '2.2.5',
767 silly addNameRange     '2.3.0',
767 silly addNameRange     '2.3.1',
767 silly addNameRange     '2.3.2',
767 silly addNameRange     '2.3.3',
767 silly addNameRange     '2.4.0',
767 silly addNameRange     '2.4.1',
767 silly addNameRange     '2.4.2',
767 silly addNameRange     '3.0.0',
767 silly addNameRange     '3.1.0',
767 silly addNameRange     '4.0.0',
767 silly addNameRange     '5.0.0',
767 silly addNameRange     '5.1.0',
767 silly addNameRange     '5.2.0',
767 silly addNameRange     '6.0.0',
767 silly addNameRange     '6.0.1',
767 silly addNameRange     '6.0.2',
767 silly addNameRange     '6.1.0' ] ]
768 silly addNamed qs@2.3.3
769 verbose addNamed "2.3.3" is a plain semver version for qs
770 silly cache afterAdd qs@2.3.3
771 verbose afterAdd C:\Users\Hansi\AppData\Roaming\npm-cache\qs\2.3.3\package\package.json not in flight; writing
772 verbose correctMkdir C:\Users\Hansi\AppData\Roaming\npm-cache correctMkdir not in flight; initializing
773 verbose afterAdd C:\Users\Hansi\AppData\Roaming\npm-cache\qs\2.3.3\package\package.json written
774 silly loadAllDepsIntoIdealTree Finishing
775 silly idealTree:prePrune nodejs
775 silly idealTree:prePrune `-- http-server@0.9.0
775 silly idealTree:prePrune   +-- async@0.9.0
775 silly idealTree:prePrune   +-- colors@1.0.3
775 silly idealTree:prePrune   +-- corser@2.0.0
775 silly idealTree:prePrune   +-- ecstatic@1.4.0
775 silly idealTree:prePrune   +-- eventemitter3@1.1.1
775 silly idealTree:prePrune   +-- he@0.5.0
775 silly idealTree:prePrune   +-- http-proxy@1.13.2
775 silly idealTree:prePrune   +-- mime@1.3.4
775 silly idealTree:prePrune   +-- minimist@1.2.0
775 silly idealTree:prePrune   +-- mkdirp@0.5.1
775 silly idealTree:prePrune   | `-- minimist@0.0.8
775 silly idealTree:prePrune   +-- opener@1.4.1
775 silly idealTree:prePrune   +-- optimist@0.6.1
775 silly idealTree:prePrune   | `-- minimist@0.0.10
775 silly idealTree:prePrune   +-- portfinder@0.4.0
775 silly idealTree:prePrune   +-- qs@2.3.3
775 silly idealTree:prePrune   +-- requires-port@1.0.0
775 silly idealTree:prePrune   +-- union@0.4.4
775 silly idealTree:prePrune   +-- url-join@0.0.1
775 silly idealTree:prePrune   `-- wordwrap@0.0.3
776 silly loadIdealTree Finishing
777 silly currentTree nodejs
778 silly idealTree nodejs
778 silly idealTree `-- http-server@0.9.0
778 silly idealTree   +-- async@0.9.0
778 silly idealTree   +-- colors@1.0.3
778 silly idealTree   +-- corser@2.0.0
778 silly idealTree   +-- ecstatic@1.4.0
778 silly idealTree   +-- eventemitter3@1.1.1
778 silly idealTree   +-- he@0.5.0
778 silly idealTree   +-- http-proxy@1.13.2
778 silly idealTree   +-- mime@1.3.4
778 silly idealTree   +-- minimist@1.2.0
778 silly idealTree   +-- mkdirp@0.5.1
778 silly idealTree   | `-- minimist@0.0.8
778 silly idealTree   +-- opener@1.4.1
778 silly idealTree   +-- optimist@0.6.1
778 silly idealTree   | `-- minimist@0.0.10
778 silly idealTree   +-- portfinder@0.4.0
778 silly idealTree   +-- qs@2.3.3
778 silly idealTree   +-- requires-port@1.0.0
778 silly idealTree   +-- union@0.4.4
778 silly idealTree   +-- url-join@0.0.1
778 silly idealTree   `-- wordwrap@0.0.3
779 silly generateActionsToTake Starting
780 silly install generateActionsToTake
781 silly generateActionsToTake Finishing
782 silly diffTrees action count 21
783 silly diffTrees add async@0.9.0
784 silly diffTrees add colors@1.0.3
785 silly diffTrees add corser@2.0.0
786 silly diffTrees add eventemitter3@1.1.1
787 silly diffTrees add he@0.5.0
788 silly diffTrees add mime@1.3.4
789 silly diffTrees add minimist@1.2.0
790 silly diffTrees add minimist@0.0.8
791 silly diffTrees add mkdirp@0.5.1
792 silly diffTrees add opener@1.4.1
793 silly diffTrees add minimist@0.0.10
794 silly diffTrees add portfinder@0.4.0
795 silly diffTrees add qs@2.3.3
796 silly diffTrees add requires-port@1.0.0
797 silly diffTrees add http-proxy@1.13.2
798 silly diffTrees add union@0.4.4
799 silly diffTrees add url-join@0.0.1
800 silly diffTrees add ecstatic@1.4.0
801 silly diffTrees add wordwrap@0.0.3
802 silly diffTrees add optimist@0.6.1
803 silly diffTrees add http-server@0.9.0
804 silly decomposeActions action count 168
805 silly decomposeActions fetch async@0.9.0
806 silly decomposeActions extract async@0.9.0
807 silly decomposeActions test async@0.9.0
808 silly decomposeActions preinstall async@0.9.0
809 silly decomposeActions build async@0.9.0
810 silly decomposeActions install async@0.9.0
811 silly decomposeActions postinstall async@0.9.0
812 silly decomposeActions finalize async@0.9.0
813 silly decomposeActions fetch colors@1.0.3
814 silly decomposeActions extract colors@1.0.3
815 silly decomposeActions test colors@1.0.3
816 silly decomposeActions preinstall colors@1.0.3
817 silly decomposeActions build colors@1.0.3
818 silly decomposeActions install colors@1.0.3
819 silly decomposeActions postinstall colors@1.0.3
820 silly decomposeActions finalize colors@1.0.3
821 silly decomposeActions fetch corser@2.0.0
822 silly decomposeActions extract corser@2.0.0
823 silly decomposeActions test corser@2.0.0
824 silly decomposeActions preinstall corser@2.0.0
825 silly decomposeActions build corser@2.0.0
826 silly decomposeActions install corser@2.0.0
827 silly decomposeActions postinstall corser@2.0.0
828 silly decomposeActions finalize corser@2.0.0
829 silly decomposeActions fetch eventemitter3@1.1.1
830 silly decomposeActions extract eventemitter3@1.1.1
831 silly decomposeActions test eventemitter3@1.1.1
832 silly decomposeActions preinstall eventemitter3@1.1.1
833 silly decomposeActions build eventemitter3@1.1.1
834 silly decomposeActions install eventemitter3@1.1.1
835 silly decomposeActions postinstall eventemitter3@1.1.1
836 silly decomposeActions finalize eventemitter3@1.1.1
837 silly decomposeActions fetch he@0.5.0
838 silly decomposeActions extract he@0.5.0
839 silly decomposeActions test he@0.5.0
840 silly decomposeActions preinstall he@0.5.0
841 silly decomposeActions build he@0.5.0
842 silly decomposeActions install he@0.5.0
843 silly decomposeActions postinstall he@0.5.0
844 silly decomposeActions finalize he@0.5.0
845 silly decomposeActions fetch mime@1.3.4
846 silly decomposeActions extract mime@1.3.4
847 silly decomposeActions test mime@1.3.4
848 silly decomposeActions preinstall mime@1.3.4
849 silly decomposeActions build mime@1.3.4
850 silly decomposeActions install mime@1.3.4
851 silly decomposeActions postinstall mime@1.3.4
852 silly decomposeActions finalize mime@1.3.4
853 silly decomposeActions fetch minimist@1.2.0
854 silly decomposeActions extract minimist@1.2.0
855 silly decomposeActions test minimist@1.2.0
856 silly decomposeActions preinstall minimist@1.2.0
857 silly decomposeActions build minimist@1.2.0
858 silly decomposeActions install minimist@1.2.0
859 silly decomposeActions postinstall minimist@1.2.0
860 silly decomposeActions finalize minimist@1.2.0
861 silly decomposeActions fetch minimist@0.0.8
862 silly decomposeActions extract minimist@0.0.8
863 silly decomposeActions test minimist@0.0.8
864 silly decomposeActions preinstall minimist@0.0.8
865 silly decomposeActions build minimist@0.0.8
866 silly decomposeActions install minimist@0.0.8
867 silly decomposeActions postinstall minimist@0.0.8
868 silly decomposeActions finalize minimist@0.0.8
869 silly decomposeActions fetch mkdirp@0.5.1
870 silly decomposeActions extract mkdirp@0.5.1
871 silly decomposeActions test mkdirp@0.5.1
872 silly decomposeActions preinstall mkdirp@0.5.1
873 silly decomposeActions build mkdirp@0.5.1
874 silly decomposeActions install mkdirp@0.5.1
875 silly decomposeActions postinstall mkdirp@0.5.1
876 silly decomposeActions finalize mkdirp@0.5.1
877 silly decomposeActions fetch opener@1.4.1
878 silly decomposeActions extract opener@1.4.1
879 silly decomposeActions test opener@1.4.1
880 silly decomposeActions preinstall opener@1.4.1
881 silly decomposeActions build opener@1.4.1
882 silly decomposeActions install opener@1.4.1
883 silly decomposeActions postinstall opener@1.4.1
884 silly decomposeActions finalize opener@1.4.1
885 silly decomposeActions fetch minimist@0.0.10
886 silly decomposeActions extract minimist@0.0.10
887 silly decomposeActions test minimist@0.0.10
888 silly decomposeActions preinstall minimist@0.0.10
889 silly decomposeActions build minimist@0.0.10
890 silly decomposeActions install minimist@0.0.10
891 silly decomposeActions postinstall minimist@0.0.10
892 silly decomposeActions finalize minimist@0.0.10
893 silly decomposeActions fetch portfinder@0.4.0
894 silly decomposeActions extract portfinder@0.4.0
895 silly decomposeActions test portfinder@0.4.0
896 silly decomposeActions preinstall portfinder@0.4.0
897 silly decomposeActions build portfinder@0.4.0
898 silly decomposeActions install portfinder@0.4.0
899 silly decomposeActions postinstall portfinder@0.4.0
900 silly decomposeActions finalize portfinder@0.4.0
901 silly decomposeActions fetch qs@2.3.3
902 silly decomposeActions extract qs@2.3.3
903 silly decomposeActions test qs@2.3.3
904 silly decomposeActions preinstall qs@2.3.3
905 silly decomposeActions build qs@2.3.3
906 silly decomposeActions install qs@2.3.3
907 silly decomposeActions postinstall qs@2.3.3
908 silly decomposeActions finalize qs@2.3.3
909 silly decomposeActions fetch requires-port@1.0.0
910 silly decomposeActions extract requires-port@1.0.0
911 silly decomposeActions test requires-port@1.0.0
912 silly decomposeActions preinstall requires-port@1.0.0
913 silly decomposeActions build requires-port@1.0.0
914 silly decomposeActions install requires-port@1.0.0
915 silly decomposeActions postinstall requires-port@1.0.0
916 silly decomposeActions finalize requires-port@1.0.0
917 silly decomposeActions fetch http-proxy@1.13.2
918 silly decomposeActions extract http-proxy@1.13.2
919 silly decomposeActions test http-proxy@1.13.2
920 silly decomposeActions preinstall http-proxy@1.13.2
921 silly decomposeActions build http-proxy@1.13.2
922 silly decomposeActions install http-proxy@1.13.2
923 silly decomposeActions postinstall http-proxy@1.13.2
924 silly decomposeActions finalize http-proxy@1.13.2
925 silly decomposeActions fetch union@0.4.4
926 silly decomposeActions extract union@0.4.4
927 silly decomposeActions test union@0.4.4
928 silly decomposeActions preinstall union@0.4.4
929 silly decomposeActions build union@0.4.4
930 silly decomposeActions install union@0.4.4
931 silly decomposeActions postinstall union@0.4.4
932 silly decomposeActions finalize union@0.4.4
933 silly decomposeActions fetch url-join@0.0.1
934 silly decomposeActions extract url-join@0.0.1
935 silly decomposeActions test url-join@0.0.1
936 silly decomposeActions preinstall url-join@0.0.1
937 silly decomposeActions build url-join@0.0.1
938 silly decomposeActions install url-join@0.0.1
939 silly decomposeActions postinstall url-join@0.0.1
940 silly decomposeActions finalize url-join@0.0.1
941 silly decomposeActions fetch ecstatic@1.4.0
942 silly decomposeActions extract ecstatic@1.4.0
943 silly decomposeActions test ecstatic@1.4.0
944 silly decomposeActions preinstall ecstatic@1.4.0
945 silly decomposeActions build ecstatic@1.4.0
946 silly decomposeActions install ecstatic@1.4.0
947 silly decomposeActions postinstall ecstatic@1.4.0
948 silly decomposeActions finalize ecstatic@1.4.0
949 silly decomposeActions fetch wordwrap@0.0.3
950 silly decomposeActions extract wordwrap@0.0.3
951 silly decomposeActions test wordwrap@0.0.3
952 silly decomposeActions preinstall wordwrap@0.0.3
953 silly decomposeActions build wordwrap@0.0.3
954 silly decomposeActions install wordwrap@0.0.3
955 silly decomposeActions postinstall wordwrap@0.0.3
956 silly decomposeActions finalize wordwrap@0.0.3
957 silly decomposeActions fetch optimist@0.6.1
958 silly decomposeActions extract optimist@0.6.1
959 silly decomposeActions test optimist@0.6.1
960 silly decomposeActions preinstall optimist@0.6.1
961 silly decomposeActions build optimist@0.6.1
962 silly decomposeActions install optimist@0.6.1
963 silly decomposeActions postinstall optimist@0.6.1
964 silly decomposeActions finalize optimist@0.6.1
965 silly decomposeActions fetch http-server@0.9.0
966 silly decomposeActions extract http-server@0.9.0
967 silly decomposeActions test http-server@0.9.0
968 silly decomposeActions preinstall http-server@0.9.0
969 silly decomposeActions build http-server@0.9.0
970 silly decomposeActions install http-server@0.9.0
971 silly decomposeActions postinstall http-server@0.9.0
972 silly decomposeActions finalize http-server@0.9.0
973 silly executeActions Starting
974 silly install executeActions
975 silly doSerial global-install 0
976 silly doParallel fetch 21
977 verbose correctMkdir C:\Users\Hansi\AppData\Roaming\npm-cache\_locks correctMkdir not in flight; initializing
978 verbose lock using C:\Users\Hansi\AppData\Roaming\npm-cache\_locks\staging-dfd8fbf9c1feea0f.lock for C:\Program Files\nodejs\node_modules\.staging
979 verbose unlock done using C:\Users\Hansi\AppData\Roaming\npm-cache\_locks\staging-dfd8fbf9c1feea0f.lock for C:\Program Files\nodejs\node_modules\.staging
980 silly rollbackFailedOptional Starting
981 silly rollbackFailedOptional Finishing
982 silly runTopLevelLifecycles Starting
983 silly runTopLevelLifecycles Finishing
984 silly install printInstalled
985 verbose stack Error: EPERM: operation not permitted, mkdir 'C:\Program Files\nodejs\node_modules\.staging'
985 verbose stack     at Error (native)
986 verbose cwd C:\Users\Hansi\angular\mesas
987 error Windows_NT 6.3.9600
988 error argv "C:\\Program Files\\nodejs\\node.exe" "C:\\Users\\Hansi\\AppData\\Roaming\\npm\\node_modules\\npm\\bin\\npm-cli.js" "install" "http-server" "-g"
989 error node v5.7.1
990 error npm  v3.7.3
991 error path C:\Program Files\nodejs\node_modules\.staging
992 error code EPERM
993 error errno -4048
994 error syscall mkdir
995 error Error: EPERM: operation not permitted, mkdir 'C:\Program Files\nodejs\node_modules\.staging'
995 error     at Error (native)
995 error  { [Error: EPERM: operation not permitted, mkdir 'C:\Program Files\nodejs\node_modules\.staging']
995 error   errno: -4048,
995 error   code: 'EPERM',
995 error   syscall: 'mkdir',
995 error   path: 'C:\\Program Files\\nodejs\\node_modules\\.staging' }
996 error Please try running this command again as root/Administrator.
997 verbose exit [ -4048, true ]
